{"name": "Проверка отображения существующего заказа из истории пользователя в ленте", "status": "broken", "statusDetails": {"message": "selenium.common.exceptions.TimeoutException: Message: \nStacktrace:\nRemoteError@chrome://remote/content/shared/RemoteError.sys.mjs:8:8\nWebDriverError@chrome://remote/content/shared/webdriver/Errors.sys.mjs:193:5\nNoSuchElementError@chrome://remote/content/shared/webdriver/Errors.sys.mjs:511:5\ndom.find/</<@chrome://remote/content/shared/DOM.sys.mjs:136:16", "trace": "self = <test_order_list.TestFeedPage object at 0x00000297AED58B10>, driver = <selenium.webdriver.firefox.webdriver.WebDriver (session=\"af17877e-0550-444f-b469-9ba5ed1e19f6\")>\ncreate_user_and_order_and_delete = ('Bearer eyJhbGciOiJIUzI1NiIsInR5cCI6IkpXVCJ9.eyJpZCI6IjY3MjdjN2IyOWVkMjgwMDAxYjUwN2Y3NCIsImlhdCI6MTczMDY2MDI3NCwiZXhwIjoxNzMwNjYxNDc0fQ.4Qr4WX9VCo-DGl6qijPYPABvOZZsIJBZ7RO7Sy2kTqY', <Response [200]>)\nset_user_tokens = None\n\n    @allure.title('Проверка отображения существующего заказа из истории пользователя в ленте')\n    def test_displaying_in_feed_new_order_from_history_success(self, driver, create_user_and_order_and_delete,\n                                                               set_user_tokens):\n        main_page = MainPage(driver)\n        account_page = AccountPage(driver)\n        order_history_page = OrderHistoryPage(driver)\n        feed_page = FeedPage(driver)\n        main_page.click_on_personal_account_in_header()\n>       account_page.click_on_order_history_button()\n\ntests\\test_order_list.py:27: \n_ _ _ _ _ _ _ _ _ _ _ _ _ _ _ _ _ _ _ _ _ _ _ _ _ _ _ _ _ _ _ _ _ _ _ _ _ _ _ _ _ _ _ _ _ _ _ _ _ _ _ _ _ _ _ _ _ _ _ _ _ _ _ _ _ _ _ _ _ _ _ _ _ _ _ _ _ _ _ _ _ _ _ _ _ _ _ _ _ _ _ _ _ _ _ _ _ _ _ _ _\npages\\account_page.py:9: in click_on_order_history_button\n    self.click_on_element(AccountPageLocators.ORDER_HISTORY)\npages\\base_page.py:22: in click_on_element\n    target = self.check_element_is_clickable(locator)\npages\\base_page.py:49: in check_element_is_clickable\n    return WebDriverWait(self.driver, timeout=15).until(ec.element_to_be_clickable(locator))\n_ _ _ _ _ _ _ _ _ _ _ _ _ _ _ _ _ _ _ _ _ _ _ _ _ _ _ _ _ _ _ _ _ _ _ _ _ _ _ _ _ _ _ _ _ _ _ _ _ _ _ _ _ _ _ _ _ _ _ _ _ _ _ _ _ _ _ _ _ _ _ _ _ _ _ _ _ _ _ _ _ _ _ _ _ _ _ _ _ _ _ _ _ _ _ _ _ _ _ _ _\n\nself = <selenium.webdriver.support.wait.WebDriverWait (session=\"af17877e-0550-444f-b469-9ba5ed1e19f6\")>, method = <function element_to_be_clickable.<locals>._predicate at 0x00000297AED35800>\nmessage = ''\n\n    def until(self, method: Callable[[D], Union[Literal[False], T]], message: str = \"\") -> T:\n        \"\"\"Calls the method provided with the driver as an argument until the \\\n        return value does not evaluate to ``False``.\n    \n        :param method: callable(WebDriver)\n        :param message: optional message for :exc:`TimeoutException`\n        :returns: the result of the last call to `method`\n        :raises: :exc:`selenium.common.exceptions.TimeoutException` if timeout occurs\n        \"\"\"\n        screen = None\n        stacktrace = None\n    \n        end_time = time.monotonic() + self._timeout\n        while True:\n            try:\n                value = method(self._driver)\n                if value:\n                    return value\n            except self._ignored_exceptions as exc:\n                screen = getattr(exc, \"screen\", None)\n                stacktrace = getattr(exc, \"stacktrace\", None)\n            if time.monotonic() > end_time:\n                break\n            time.sleep(self._poll)\n>       raise TimeoutException(message, screen, stacktrace)\nE       selenium.common.exceptions.TimeoutException: Message: \nE       Stacktrace:\nE       RemoteError@chrome://remote/content/shared/RemoteError.sys.mjs:8:8\nE       WebDriverError@chrome://remote/content/shared/webdriver/Errors.sys.mjs:193:5\nE       NoSuchElementError@chrome://remote/content/shared/webdriver/Errors.sys.mjs:511:5\nE       dom.find/</<@chrome://remote/content/shared/DOM.sys.mjs:136:16\n\nvenv\\Lib\\site-packages\\selenium\\webdriver\\support\\wait.py:105: TimeoutException"}, "steps": [{"name": "Кликнуть по кнопке перехода в личный кабинет в хэдере", "status": "passed", "steps": [{"name": "Подождать прогрузки элемента", "status": "passed", "parameters": [{"name": "locator", "value": "('xpath', '//p[text()=\"Личный Кабинет\"]/parent::a')"}], "start": 1730660275068, "stop": 1730660275083}, {"name": "Кликнуть на элемент", "status": "passed", "steps": [{"name": "Проверить кликабельность элемента", "status": "passed", "parameters": [{"name": "locator", "value": "('xpath', '//p[text()=\"Личный Кабинет\"]/parent::a')"}], "start": 1730660275083, "stop": 1730660275098}], "parameters": [{"name": "locator", "value": "('xpath', '//p[text()=\"Личный Кабинет\"]/parent::a')"}], "start": 1730660275083, "stop": 1730660275378}], "start": 1730660275068, "stop": 1730660275378}, {"name": "Кликнуть по кнопке \"История заказов\"", "status": "broken", "statusDetails": {"message": "selenium.common.exceptions.TimeoutException: Message: \nStacktrace:\nRemoteError@chrome://remote/content/shared/RemoteError.sys.mjs:8:8\nWebDriverError@chrome://remote/content/shared/webdriver/Errors.sys.mjs:193:5\nNoSuchElementError@chrome://remote/content/shared/webdriver/Errors.sys.mjs:511:5\ndom.find/</<@chrome://remote/content/shared/DOM.sys.mjs:136:16\n\n", "trace": "  File \"C:\\Users\\marat\\OneDrive\\Рабочий стол\\Diplom\\Diplom_3\\venv\\Lib\\site-packages\\allure_commons\\_allure.py\", line 192, in impl\n    return func(*a, **kw)\n           ^^^^^^^^^^^^^^\n  File \"C:\\Users\\marat\\OneDrive\\Рабочий стол\\Diplom\\Diplom_3\\pages\\account_page.py\", line 9, in click_on_order_history_button\n    self.click_on_element(AccountPageLocators.ORDER_HISTORY)\n  File \"C:\\Users\\marat\\OneDrive\\Рабочий стол\\Diplom\\Diplom_3\\venv\\Lib\\site-packages\\allure_commons\\_allure.py\", line 192, in impl\n    return func(*a, **kw)\n           ^^^^^^^^^^^^^^\n  File \"C:\\Users\\marat\\OneDrive\\Рабочий стол\\Diplom\\Diplom_3\\pages\\base_page.py\", line 22, in click_on_element\n    target = self.check_element_is_clickable(locator)\n             ^^^^^^^^^^^^^^^^^^^^^^^^^^^^^^^^^^^^^^^^\n  File \"C:\\Users\\marat\\OneDrive\\Рабочий стол\\Diplom\\Diplom_3\\venv\\Lib\\site-packages\\allure_commons\\_allure.py\", line 192, in impl\n    return func(*a, **kw)\n           ^^^^^^^^^^^^^^\n  File \"C:\\Users\\marat\\OneDrive\\Рабочий стол\\Diplom\\Diplom_3\\pages\\base_page.py\", line 49, in check_element_is_clickable\n    return WebDriverWait(self.driver, timeout=15).until(ec.element_to_be_clickable(locator))\n           ^^^^^^^^^^^^^^^^^^^^^^^^^^^^^^^^^^^^^^^^^^^^^^^^^^^^^^^^^^^^^^^^^^^^^^^^^^^^^^^^^\n  File \"C:\\Users\\marat\\OneDrive\\Рабочий стол\\Diplom\\Diplom_3\\venv\\Lib\\site-packages\\selenium\\webdriver\\support\\wait.py\", line 105, in until\n    raise TimeoutException(message, screen, stacktrace)\n"}, "steps": [{"name": "Кликнуть на элемент", "status": "broken", "statusDetails": {"message": "selenium.common.exceptions.TimeoutException: Message: \nStacktrace:\nRemoteError@chrome://remote/content/shared/RemoteError.sys.mjs:8:8\nWebDriverError@chrome://remote/content/shared/webdriver/Errors.sys.mjs:193:5\nNoSuchElementError@chrome://remote/content/shared/webdriver/Errors.sys.mjs:511:5\ndom.find/</<@chrome://remote/content/shared/DOM.sys.mjs:136:16\n\n", "trace": "  File \"C:\\Users\\marat\\OneDrive\\Рабочий стол\\Diplom\\Diplom_3\\venv\\Lib\\site-packages\\allure_commons\\_allure.py\", line 192, in impl\n    return func(*a, **kw)\n           ^^^^^^^^^^^^^^\n  File \"C:\\Users\\marat\\OneDrive\\Рабочий стол\\Diplom\\Diplom_3\\pages\\base_page.py\", line 22, in click_on_element\n    target = self.check_element_is_clickable(locator)\n             ^^^^^^^^^^^^^^^^^^^^^^^^^^^^^^^^^^^^^^^^\n  File \"C:\\Users\\marat\\OneDrive\\Рабочий стол\\Diplom\\Diplom_3\\venv\\Lib\\site-packages\\allure_commons\\_allure.py\", line 192, in impl\n    return func(*a, **kw)\n           ^^^^^^^^^^^^^^\n  File \"C:\\Users\\marat\\OneDrive\\Рабочий стол\\Diplom\\Diplom_3\\pages\\base_page.py\", line 49, in check_element_is_clickable\n    return WebDriverWait(self.driver, timeout=15).until(ec.element_to_be_clickable(locator))\n           ^^^^^^^^^^^^^^^^^^^^^^^^^^^^^^^^^^^^^^^^^^^^^^^^^^^^^^^^^^^^^^^^^^^^^^^^^^^^^^^^^\n  File \"C:\\Users\\marat\\OneDrive\\Рабочий стол\\Diplom\\Diplom_3\\venv\\Lib\\site-packages\\selenium\\webdriver\\support\\wait.py\", line 105, in until\n    raise TimeoutException(message, screen, stacktrace)\n"}, "steps": [{"name": "Проверить кликабельность элемента", "status": "broken", "statusDetails": {"message": "selenium.common.exceptions.TimeoutException: Message: \nStacktrace:\nRemoteError@chrome://remote/content/shared/RemoteError.sys.mjs:8:8\nWebDriverError@chrome://remote/content/shared/webdriver/Errors.sys.mjs:193:5\nNoSuchElementError@chrome://remote/content/shared/webdriver/Errors.sys.mjs:511:5\ndom.find/</<@chrome://remote/content/shared/DOM.sys.mjs:136:16\n\n", "trace": "  File \"C:\\Users\\marat\\OneDrive\\Рабочий стол\\Diplom\\Diplom_3\\venv\\Lib\\site-packages\\allure_commons\\_allure.py\", line 192, in impl\n    return func(*a, **kw)\n           ^^^^^^^^^^^^^^\n  File \"C:\\Users\\marat\\OneDrive\\Рабочий стол\\Diplom\\Diplom_3\\pages\\base_page.py\", line 49, in check_element_is_clickable\n    return WebDriverWait(self.driver, timeout=15).until(ec.element_to_be_clickable(locator))\n           ^^^^^^^^^^^^^^^^^^^^^^^^^^^^^^^^^^^^^^^^^^^^^^^^^^^^^^^^^^^^^^^^^^^^^^^^^^^^^^^^^\n  File \"C:\\Users\\marat\\OneDrive\\Рабочий стол\\Diplom\\Diplom_3\\venv\\Lib\\site-packages\\selenium\\webdriver\\support\\wait.py\", line 105, in until\n    raise TimeoutException(message, screen, stacktrace)\n"}, "parameters": [{"name": "locator", "value": "('xpath', '//a[@href = \"/account/order-history\"]')"}], "start": 1730660275378, "stop": 1730660290489}], "parameters": [{"name": "locator", "value": "('xpath', '//a[@href = \"/account/order-history\"]')"}], "start": 1730660275378, "stop": 1730660290489}], "start": 1730660275378, "stop": 1730660290490}], "parameters": [{"name": "driver", "value": "'firefox'"}], "start": 1730660275068, "stop": 1730660290491, "uuid": "1ab8f287-37f7-46c9-bdc5-aa5da037a1e6", "historyId": "e61daa300453996bda8d3e6e2d7a493b", "testCaseId": "ca680b53a632b1d25bfa463e915a8c73", "fullName": "tests.test_order_list.TestFeedPage#test_displaying_in_feed_new_order_from_history_success", "labels": [{"name": "parentSuite", "value": "tests"}, {"name": "suite", "value": "test_order_list"}, {"name": "subSuite", "value": "TestFeedPage"}, {"name": "host", "value": "DESKTOP-4QJCJVN"}, {"name": "thread", "value": "10096-MainThread"}, {"name": "framework", "value": "pytest"}, {"name": "language", "value": "cpython3"}, {"name": "package", "value": "tests.test_order_list"}]}