{"name": "Залогиненный пользователь может оформить заказ", "status": "broken", "statusDetails": {"message": "selenium.common.exceptions.TimeoutException: Message: \nStacktrace:\n\tGetHandleVerifier [0x00D038B3+24035]\n\t(No symbol) [0x00C8BC44]\n\t(No symbol) [0x00B6C2D3]\n\t(No symbol) [0x00BADC86]\n\t(No symbol) [0x00BADECB]\n\t(No symbol) [0x00BEB9D2]\n\t(No symbol) [0x00BCFED4]\n\t(No symbol) [0x00BE953F]\n\t(No symbol) [0x00BCFC26]\n\t(No symbol) [0x00BA218C]\n\t(No symbol) [0x00BA310D]\n\tGetHandleVerifier [0x00FA96D3+2800643]\n\tGetHandleVerifier [0x0100428E+3172286]\n\tGetHandleVerifier [0x00FFCEA2+3142610]\n\tGetHandleVerifier [0x00DA6C60+692624]\n\t(No symbol) [0x00C94C5D]\n\t(No symbol) [0x00C91968]\n\t(No symbol) [0x00C91B00]\n\t(No symbol) [0x00C83FB0]\n\tBaseThreadInitThunk [0x7678FCC9+25]\n\tRtlGetAppContainerNamedObjectPath [0x7781809E+286]\n\tRtlGetAppContainerNamedObjectPath [0x7781806E+238]", "trace": "self = <test_main_page.TestMainPage object at 0x000002159CA514D0>, driver = <selenium.webdriver.chrome.webdriver.WebDriver (session=\"f095cd2e9bbe1f179136da951b47fbb9\")>, set_user_tokens = None\n\n    @allure.title('Залогиненный пользователь может оформить заказ')\n    def test_making_order_by_authenticated_user_success(self, driver, set_user_tokens):\n        main_page = MainPage(driver)\n        main_page.click_on_button_login_in_main()\n        main_page.drag_and_drop_ingredient_to_order()\n>       main_page.click_on_button_make_order()\n\ntests\\test_main_page.py:46: \n_ _ _ _ _ _ _ _ _ _ _ _ _ _ _ _ _ _ _ _ _ _ _ _ _ _ _ _ _ _ _ _ _ _ _ _ _ _ _ _ _ _ _ _ _ _ _ _ _ _ _ _ _ _ _ _ _ _ _ _ _ _ _ _ _ _ _ _ _ _ _ _ _ _ _ _ _ _ _ _ _ _ _ _ _ _ _ _ _ _ _ _ _ _ _ _ _ _ _ _ _\npages\\main_page.py:68: in click_on_button_make_order\n    self.click_on_element(MainPageLocators.BUTTON_MAKE_ORDER)\npages\\base_page.py:22: in click_on_element\n    target = self.check_element_is_clickable(locator)\npages\\base_page.py:49: in check_element_is_clickable\n    return WebDriverWait(self.driver, timeout=20).until(ec.element_to_be_clickable(locator))\n_ _ _ _ _ _ _ _ _ _ _ _ _ _ _ _ _ _ _ _ _ _ _ _ _ _ _ _ _ _ _ _ _ _ _ _ _ _ _ _ _ _ _ _ _ _ _ _ _ _ _ _ _ _ _ _ _ _ _ _ _ _ _ _ _ _ _ _ _ _ _ _ _ _ _ _ _ _ _ _ _ _ _ _ _ _ _ _ _ _ _ _ _ _ _ _ _ _ _ _ _\n\nself = <selenium.webdriver.support.wait.WebDriverWait (session=\"f095cd2e9bbe1f179136da951b47fbb9\")>, method = <function element_to_be_clickable.<locals>._predicate at 0x000002159D4FDEE0>, message = ''\n\n    def until(self, method: Callable[[D], Union[Literal[False], T]], message: str = \"\") -> T:\n        \"\"\"Calls the method provided with the driver as an argument until the \\\n        return value does not evaluate to ``False``.\n    \n        :param method: callable(WebDriver)\n        :param message: optional message for :exc:`TimeoutException`\n        :returns: the result of the last call to `method`\n        :raises: :exc:`selenium.common.exceptions.TimeoutException` if timeout occurs\n        \"\"\"\n        screen = None\n        stacktrace = None\n    \n        end_time = time.monotonic() + self._timeout\n        while True:\n            try:\n                value = method(self._driver)\n                if value:\n                    return value\n            except self._ignored_exceptions as exc:\n                screen = getattr(exc, \"screen\", None)\n                stacktrace = getattr(exc, \"stacktrace\", None)\n            if time.monotonic() > end_time:\n                break\n            time.sleep(self._poll)\n>       raise TimeoutException(message, screen, stacktrace)\nE       selenium.common.exceptions.TimeoutException: Message: \nE       Stacktrace:\nE       \tGetHandleVerifier [0x00D038B3+24035]\nE       \t(No symbol) [0x00C8BC44]\nE       \t(No symbol) [0x00B6C2D3]\nE       \t(No symbol) [0x00BADC86]\nE       \t(No symbol) [0x00BADECB]\nE       \t(No symbol) [0x00BEB9D2]\nE       \t(No symbol) [0x00BCFED4]\nE       \t(No symbol) [0x00BE953F]\nE       \t(No symbol) [0x00BCFC26]\nE       \t(No symbol) [0x00BA218C]\nE       \t(No symbol) [0x00BA310D]\nE       \tGetHandleVerifier [0x00FA96D3+2800643]\nE       \tGetHandleVerifier [0x0100428E+3172286]\nE       \tGetHandleVerifier [0x00FFCEA2+3142610]\nE       \tGetHandleVerifier [0x00DA6C60+692624]\nE       \t(No symbol) [0x00C94C5D]\nE       \t(No symbol) [0x00C91968]\nE       \t(No symbol) [0x00C91B00]\nE       \t(No symbol) [0x00C83FB0]\nE       \tBaseThreadInitThunk [0x7678FCC9+25]\nE       \tRtlGetAppContainerNamedObjectPath [0x7781809E+286]\nE       \tRtlGetAppContainerNamedObjectPath [0x7781806E+238]\n\nvenv\\Lib\\site-packages\\selenium\\webdriver\\support\\wait.py:105: TimeoutException"}, "steps": [{"name": "Кликнуть по кнопке \"Войти в аккаунт\" на главной", "status": "passed", "steps": [{"name": "Кликнуть на элемент", "status": "passed", "steps": [{"name": "Проверить кликабельность элемента", "status": "passed", "parameters": [{"name": "locator", "value": "('xpath', './/button[text() = \"Войти в аккаунт\"]')"}], "start": 1730667931902, "stop": 1730667931933}], "parameters": [{"name": "locator", "value": "('xpath', './/button[text() = \"Войти в аккаунт\"]')"}], "start": 1730667931902, "stop": 1730667932208}], "start": 1730667931902, "stop": 1730667932208}, {"name": "Добавить интгридиенты", "status": "passed", "steps": [{"name": "Найти элемент на странице", "status": "passed", "steps": [{"name": "Подождать прогрузки элемента", "status": "passed", "parameters": [{"name": "locator", "value": "('xpath', './/*[@alt=\"Флюоресцентная булка R2-D3\"]')"}], "start": 1730667932208, "stop": 1730667932228}], "parameters": [{"name": "locator", "value": "('xpath', './/*[@alt=\"Флюоресцентная булка R2-D3\"]')"}], "start": 1730667932208, "stop": 1730667932235}, {"name": "Найти элемент на странице", "status": "passed", "steps": [{"name": "Подождать прогрузки элемента", "status": "passed", "parameters": [{"name": "locator", "value": "('xpath', '//section[contains(@class, \"BurgerConstructor_basket\")]')"}], "start": 1730667932235, "stop": 1730667932251}], "parameters": [{"name": "locator", "value": "('xpath', '//section[contains(@class, \"BurgerConstructor_basket\")]')"}], "start": 1730667932235, "stop": 1730667932258}, {"name": "Перетащить элемент", "status": "passed", "parameters": [{"name": "source_element", "value": "<selenium.webdriver.remote.webelement.WebElement (session=\"f095cd2e9bbe1f179136da951b47fbb9\", element=\"f.ADC28F9EC4CDC3FDE1047EDDE2D48311.d.3C3F629D832201B215B2FBE4ADC1D9C6.e.61\")>"}, {"name": "target_element", "value": "<selenium.webdriver.remote.webelement.WebElement (session=\"f095cd2e9bbe1f179136da951b47fbb9\", element=\"f.ADC28F9EC4CDC3FDE1047EDDE2D48311.d.3C3F629D832201B215B2FBE4ADC1D9C6.e.63\")>"}], "start": 1730667932258, "stop": 1730667937826}], "start": 1730667932208, "stop": 1730667937826}, {"name": "Кликнуть на кнопку создания заказа", "status": "broken", "statusDetails": {"message": "selenium.common.exceptions.TimeoutException: Message: \nStacktrace:\n\tGetHandleVerifier [0x00D038B3+24035]\n\t(No symbol) [0x00C8BC44]\n\t(No symbol) [0x00B6C2D3]\n\t(No symbol) [0x00BADC86]\n\t(No symbol) [0x00BADECB]\n\t(No symbol) [0x00BEB9D2]\n\t(No symbol) [0x00BCFED4]\n\t(No symbol) [0x00BE953F]\n\t(No symbol) [0x00BCFC26]\n\t(No symbol) [0x00BA218C]\n\t(No symbol) [0x00BA310D]\n\tGetHandleVerifier [0x00FA96D3+2800643]\n\tGetHandleVerifier [0x0100428E+3172286]\n\tGetHandleVerifier [0x00FFCEA2+3142610]\n\tGetHandleVerifier [0x00DA6C60+692624]\n\t(No symbol) [0x00C94C5D]\n\t(No symbol) [0x00C91968]\n\t(No symbol) [0x00C91B00]\n\t(No symbol) [0x00C83FB0]\n\tBaseThreadInitThunk [0x7678FCC9+25]\n\tRtlGetAppContainerNamedObjectPath [0x7781809E+286]\n\tRtlGetAppContainerNamedObjectPath [0x7781806E+238]\n\n", "trace": "  File \"C:\\Users\\marat\\OneDrive\\Рабочий стол\\Diplom\\Diplom_3\\venv\\Lib\\site-packages\\allure_commons\\_allure.py\", line 192, in impl\n    return func(*a, **kw)\n           ^^^^^^^^^^^^^^\n  File \"C:\\Users\\marat\\OneDrive\\Рабочий стол\\Diplom\\Diplom_3\\pages\\main_page.py\", line 68, in click_on_button_make_order\n    self.click_on_element(MainPageLocators.BUTTON_MAKE_ORDER)\n  File \"C:\\Users\\marat\\OneDrive\\Рабочий стол\\Diplom\\Diplom_3\\venv\\Lib\\site-packages\\allure_commons\\_allure.py\", line 192, in impl\n    return func(*a, **kw)\n           ^^^^^^^^^^^^^^\n  File \"C:\\Users\\marat\\OneDrive\\Рабочий стол\\Diplom\\Diplom_3\\pages\\base_page.py\", line 22, in click_on_element\n    target = self.check_element_is_clickable(locator)\n             ^^^^^^^^^^^^^^^^^^^^^^^^^^^^^^^^^^^^^^^^\n  File \"C:\\Users\\marat\\OneDrive\\Рабочий стол\\Diplom\\Diplom_3\\venv\\Lib\\site-packages\\allure_commons\\_allure.py\", line 192, in impl\n    return func(*a, **kw)\n           ^^^^^^^^^^^^^^\n  File \"C:\\Users\\marat\\OneDrive\\Рабочий стол\\Diplom\\Diplom_3\\pages\\base_page.py\", line 49, in check_element_is_clickable\n    return WebDriverWait(self.driver, timeout=20).until(ec.element_to_be_clickable(locator))\n           ^^^^^^^^^^^^^^^^^^^^^^^^^^^^^^^^^^^^^^^^^^^^^^^^^^^^^^^^^^^^^^^^^^^^^^^^^^^^^^^^^\n  File \"C:\\Users\\marat\\OneDrive\\Рабочий стол\\Diplom\\Diplom_3\\venv\\Lib\\site-packages\\selenium\\webdriver\\support\\wait.py\", line 105, in until\n    raise TimeoutException(message, screen, stacktrace)\n"}, "steps": [{"name": "Кликнуть на элемент", "status": "broken", "statusDetails": {"message": "selenium.common.exceptions.TimeoutException: Message: \nStacktrace:\n\tGetHandleVerifier [0x00D038B3+24035]\n\t(No symbol) [0x00C8BC44]\n\t(No symbol) [0x00B6C2D3]\n\t(No symbol) [0x00BADC86]\n\t(No symbol) [0x00BADECB]\n\t(No symbol) [0x00BEB9D2]\n\t(No symbol) [0x00BCFED4]\n\t(No symbol) [0x00BE953F]\n\t(No symbol) [0x00BCFC26]\n\t(No symbol) [0x00BA218C]\n\t(No symbol) [0x00BA310D]\n\tGetHandleVerifier [0x00FA96D3+2800643]\n\tGetHandleVerifier [0x0100428E+3172286]\n\tGetHandleVerifier [0x00FFCEA2+3142610]\n\tGetHandleVerifier [0x00DA6C60+692624]\n\t(No symbol) [0x00C94C5D]\n\t(No symbol) [0x00C91968]\n\t(No symbol) [0x00C91B00]\n\t(No symbol) [0x00C83FB0]\n\tBaseThreadInitThunk [0x7678FCC9+25]\n\tRtlGetAppContainerNamedObjectPath [0x7781809E+286]\n\tRtlGetAppContainerNamedObjectPath [0x7781806E+238]\n\n", "trace": "  File \"C:\\Users\\marat\\OneDrive\\Рабочий стол\\Diplom\\Diplom_3\\venv\\Lib\\site-packages\\allure_commons\\_allure.py\", line 192, in impl\n    return func(*a, **kw)\n           ^^^^^^^^^^^^^^\n  File \"C:\\Users\\marat\\OneDrive\\Рабочий стол\\Diplom\\Diplom_3\\pages\\base_page.py\", line 22, in click_on_element\n    target = self.check_element_is_clickable(locator)\n             ^^^^^^^^^^^^^^^^^^^^^^^^^^^^^^^^^^^^^^^^\n  File \"C:\\Users\\marat\\OneDrive\\Рабочий стол\\Diplom\\Diplom_3\\venv\\Lib\\site-packages\\allure_commons\\_allure.py\", line 192, in impl\n    return func(*a, **kw)\n           ^^^^^^^^^^^^^^\n  File \"C:\\Users\\marat\\OneDrive\\Рабочий стол\\Diplom\\Diplom_3\\pages\\base_page.py\", line 49, in check_element_is_clickable\n    return WebDriverWait(self.driver, timeout=20).until(ec.element_to_be_clickable(locator))\n           ^^^^^^^^^^^^^^^^^^^^^^^^^^^^^^^^^^^^^^^^^^^^^^^^^^^^^^^^^^^^^^^^^^^^^^^^^^^^^^^^^\n  File \"C:\\Users\\marat\\OneDrive\\Рабочий стол\\Diplom\\Diplom_3\\venv\\Lib\\site-packages\\selenium\\webdriver\\support\\wait.py\", line 105, in until\n    raise TimeoutException(message, screen, stacktrace)\n"}, "steps": [{"name": "Проверить кликабельность элемента", "status": "broken", "statusDetails": {"message": "selenium.common.exceptions.TimeoutException: Message: \nStacktrace:\n\tGetHandleVerifier [0x00D038B3+24035]\n\t(No symbol) [0x00C8BC44]\n\t(No symbol) [0x00B6C2D3]\n\t(No symbol) [0x00BADC86]\n\t(No symbol) [0x00BADECB]\n\t(No symbol) [0x00BEB9D2]\n\t(No symbol) [0x00BCFED4]\n\t(No symbol) [0x00BE953F]\n\t(No symbol) [0x00BCFC26]\n\t(No symbol) [0x00BA218C]\n\t(No symbol) [0x00BA310D]\n\tGetHandleVerifier [0x00FA96D3+2800643]\n\tGetHandleVerifier [0x0100428E+3172286]\n\tGetHandleVerifier [0x00FFCEA2+3142610]\n\tGetHandleVerifier [0x00DA6C60+692624]\n\t(No symbol) [0x00C94C5D]\n\t(No symbol) [0x00C91968]\n\t(No symbol) [0x00C91B00]\n\t(No symbol) [0x00C83FB0]\n\tBaseThreadInitThunk [0x7678FCC9+25]\n\tRtlGetAppContainerNamedObjectPath [0x7781809E+286]\n\tRtlGetAppContainerNamedObjectPath [0x7781806E+238]\n\n", "trace": "  File \"C:\\Users\\marat\\OneDrive\\Рабочий стол\\Diplom\\Diplom_3\\venv\\Lib\\site-packages\\allure_commons\\_allure.py\", line 192, in impl\n    return func(*a, **kw)\n           ^^^^^^^^^^^^^^\n  File \"C:\\Users\\marat\\OneDrive\\Рабочий стол\\Diplom\\Diplom_3\\pages\\base_page.py\", line 49, in check_element_is_clickable\n    return WebDriverWait(self.driver, timeout=20).until(ec.element_to_be_clickable(locator))\n           ^^^^^^^^^^^^^^^^^^^^^^^^^^^^^^^^^^^^^^^^^^^^^^^^^^^^^^^^^^^^^^^^^^^^^^^^^^^^^^^^^\n  File \"C:\\Users\\marat\\OneDrive\\Рабочий стол\\Diplom\\Diplom_3\\venv\\Lib\\site-packages\\selenium\\webdriver\\support\\wait.py\", line 105, in until\n    raise TimeoutException(message, screen, stacktrace)\n"}, "parameters": [{"name": "locator", "value": "('xpath', '//button[text()=\"Оформить заказ\"]')"}], "start": 1730667937826, "stop": 1730667958162}], "parameters": [{"name": "locator", "value": "('xpath', '//button[text()=\"Оформить заказ\"]')"}], "start": 1730667937826, "stop": 1730667958163}], "start": 1730667937826, "stop": 1730667958163}], "parameters": [{"name": "driver", "value": "'chrome'"}], "start": 1730667931902, "stop": 1730667958164, "uuid": "265be85d-9a4e-421c-a940-2c37d180313b", "historyId": "3ec2b110becb31f4b0295aab0ea217b2", "testCaseId": "1a6aa94b135b464a3c7527f211bb4bdb", "fullName": "tests.test_main_page.TestMainPage#test_making_order_by_authenticated_user_success", "labels": [{"name": "parentSuite", "value": "tests"}, {"name": "suite", "value": "test_main_page"}, {"name": "subSuite", "value": "TestMainPage"}, {"name": "host", "value": "DESKTOP-4QJCJVN"}, {"name": "thread", "value": "7024-MainThread"}, {"name": "framework", "value": "pytest"}, {"name": "language", "value": "cpython3"}, {"name": "package", "value": "tests.test_main_page"}]}