{"name": "Проверка появления нового заказа в разделе \"В работе\"", "status": "broken", "statusDetails": {"message": "selenium.common.exceptions.TimeoutException: Message: \nStacktrace:\n\tGetHandleVerifier [0x00B738B3+24035]\n\t(No symbol) [0x00AFBC44]\n\t(No symbol) [0x009DC2D3]\n\t(No symbol) [0x00A1DC86]\n\t(No symbol) [0x00A1DECB]\n\t(No symbol) [0x00A5B9D2]\n\t(No symbol) [0x00A3FED4]\n\t(No symbol) [0x00A5953F]\n\t(No symbol) [0x00A3FC26]\n\t(No symbol) [0x00A1218C]\n\t(No symbol) [0x00A1310D]\n\tGetHandleVerifier [0x00E196D3+2800643]\n\tGetHandleVerifier [0x00E7428E+3172286]\n\tGetHandleVerifier [0x00E6CEA2+3142610]\n\tGetHandleVerifier [0x00C16C60+692624]\n\t(No symbol) [0x00B04C5D]\n\t(No symbol) [0x00B01968]\n\t(No symbol) [0x00B01B00]\n\t(No symbol) [0x00AF3FB0]\n\tBaseThreadInitThunk [0x7678FCC9+25]\n\tRtlGetAppContainerNamedObjectPath [0x7781809E+286]\n\tRtlGetAppContainerNamedObjectPath [0x7781806E+238]", "trace": "self = <test_order_list.TestFeedPage object at 0x00000297AED5A7D0>, driver = <selenium.webdriver.chrome.webdriver.WebDriver (session=\"881226daa021c1a4a58b3becb2b389c5\")>, set_user_tokens = None\n\n    @allure.title('Проверка появления нового заказа в разделе \"В работе\"')\n    def test_displaying_new_order_in_progress_feed_success(self, driver, set_user_tokens):\n        main_page = MainPage(driver)\n        feed_page = FeedPage(driver)\n        main_page.click_on_button_login_in_main()\n        main_page.drag_and_drop_ingredient_to_order()\n>       main_page.click_on_button_make_order()\n\ntests\\test_order_list.py:68: \n_ _ _ _ _ _ _ _ _ _ _ _ _ _ _ _ _ _ _ _ _ _ _ _ _ _ _ _ _ _ _ _ _ _ _ _ _ _ _ _ _ _ _ _ _ _ _ _ _ _ _ _ _ _ _ _ _ _ _ _ _ _ _ _ _ _ _ _ _ _ _ _ _ _ _ _ _ _ _ _ _ _ _ _ _ _ _ _ _ _ _ _ _ _ _ _ _ _ _ _ _\npages\\main_page.py:68: in click_on_button_make_order\n    self.click_on_element(MainPageLocators.BUTTON_MAKE_ORDER)\npages\\base_page.py:22: in click_on_element\n    target = self.check_element_is_clickable(locator)\npages\\base_page.py:49: in check_element_is_clickable\n    return WebDriverWait(self.driver, timeout=15).until(ec.element_to_be_clickable(locator))\n_ _ _ _ _ _ _ _ _ _ _ _ _ _ _ _ _ _ _ _ _ _ _ _ _ _ _ _ _ _ _ _ _ _ _ _ _ _ _ _ _ _ _ _ _ _ _ _ _ _ _ _ _ _ _ _ _ _ _ _ _ _ _ _ _ _ _ _ _ _ _ _ _ _ _ _ _ _ _ _ _ _ _ _ _ _ _ _ _ _ _ _ _ _ _ _ _ _ _ _ _\n\nself = <selenium.webdriver.support.wait.WebDriverWait (session=\"881226daa021c1a4a58b3becb2b389c5\")>, method = <function element_to_be_clickable.<locals>._predicate at 0x00000297AEDEE700>, message = ''\n\n    def until(self, method: Callable[[D], Union[Literal[False], T]], message: str = \"\") -> T:\n        \"\"\"Calls the method provided with the driver as an argument until the \\\n        return value does not evaluate to ``False``.\n    \n        :param method: callable(WebDriver)\n        :param message: optional message for :exc:`TimeoutException`\n        :returns: the result of the last call to `method`\n        :raises: :exc:`selenium.common.exceptions.TimeoutException` if timeout occurs\n        \"\"\"\n        screen = None\n        stacktrace = None\n    \n        end_time = time.monotonic() + self._timeout\n        while True:\n            try:\n                value = method(self._driver)\n                if value:\n                    return value\n            except self._ignored_exceptions as exc:\n                screen = getattr(exc, \"screen\", None)\n                stacktrace = getattr(exc, \"stacktrace\", None)\n            if time.monotonic() > end_time:\n                break\n            time.sleep(self._poll)\n>       raise TimeoutException(message, screen, stacktrace)\nE       selenium.common.exceptions.TimeoutException: Message: \nE       Stacktrace:\nE       \tGetHandleVerifier [0x00B738B3+24035]\nE       \t(No symbol) [0x00AFBC44]\nE       \t(No symbol) [0x009DC2D3]\nE       \t(No symbol) [0x00A1DC86]\nE       \t(No symbol) [0x00A1DECB]\nE       \t(No symbol) [0x00A5B9D2]\nE       \t(No symbol) [0x00A3FED4]\nE       \t(No symbol) [0x00A5953F]\nE       \t(No symbol) [0x00A3FC26]\nE       \t(No symbol) [0x00A1218C]\nE       \t(No symbol) [0x00A1310D]\nE       \tGetHandleVerifier [0x00E196D3+2800643]\nE       \tGetHandleVerifier [0x00E7428E+3172286]\nE       \tGetHandleVerifier [0x00E6CEA2+3142610]\nE       \tGetHandleVerifier [0x00C16C60+692624]\nE       \t(No symbol) [0x00B04C5D]\nE       \t(No symbol) [0x00B01968]\nE       \t(No symbol) [0x00B01B00]\nE       \t(No symbol) [0x00AF3FB0]\nE       \tBaseThreadInitThunk [0x7678FCC9+25]\nE       \tRtlGetAppContainerNamedObjectPath [0x7781809E+286]\nE       \tRtlGetAppContainerNamedObjectPath [0x7781806E+238]\n\nvenv\\Lib\\site-packages\\selenium\\webdriver\\support\\wait.py:105: TimeoutException"}, "steps": [{"name": "Кликнуть по кнопке \"Войти в аккаунт\" на главной", "status": "passed", "steps": [{"name": "Кликнуть на элемент", "status": "passed", "steps": [{"name": "Проверить кликабельность элемента", "status": "passed", "parameters": [{"name": "locator", "value": "('xpath', './/button[text() = \"Войти в аккаунт\"]')"}], "start": 1730660476402, "stop": 1730660476429}], "parameters": [{"name": "locator", "value": "('xpath', './/button[text() = \"Войти в аккаунт\"]')"}], "start": 1730660476402, "stop": 1730660476702}], "start": 1730660476402, "stop": 1730660476702}, {"name": "Добавить интгридиенты", "status": "passed", "steps": [{"name": "Найти элемент на странице", "status": "passed", "steps": [{"name": "Подождать прогрузки элемента", "status": "passed", "parameters": [{"name": "locator", "value": "('xpath', './/*[@alt=\"Флюоресцентная булка R2-D3\"]')"}], "start": 1730660476702, "stop": 1730660476728}], "parameters": [{"name": "locator", "value": "('xpath', './/*[@alt=\"Флюоресцентная булка R2-D3\"]')"}], "start": 1730660476702, "stop": 1730660476738}, {"name": "Найти элемент на странице", "status": "passed", "steps": [{"name": "Подождать прогрузки элемента", "status": "passed", "parameters": [{"name": "locator", "value": "('xpath', '//section[contains(@class, \"BurgerConstructor_basket\")]')"}], "start": 1730660476738, "stop": 1730660476757}], "parameters": [{"name": "locator", "value": "('xpath', '//section[contains(@class, \"BurgerConstructor_basket\")]')"}], "start": 1730660476738, "stop": 1730660476764}, {"name": "Перетащить элемент", "status": "passed", "parameters": [{"name": "source_element", "value": "<selenium.webdriver.remote.webelement.WebElement (session=\"881226daa021c1a4a58b3becb2b389c5\", element=\"f.8067A453DA8724C4CB1FCD6E65F01725.d.B287A2B78DBC844AC9DF37D856280DF6.e.72\")>"}, {"name": "target_element", "value": "<selenium.webdriver.remote.webelement.WebElement (session=\"881226daa021c1a4a58b3becb2b389c5\", element=\"f.8067A453DA8724C4CB1FCD6E65F01725.d.B287A2B78DBC844AC9DF37D856280DF6.e.73\")>"}], "start": 1730660476764, "stop": 1730660482325}], "start": 1730660476702, "stop": 1730660482325}, {"name": "Кликнуть на кнопку создания заказа", "status": "broken", "statusDetails": {"message": "selenium.common.exceptions.TimeoutException: Message: \nStacktrace:\n\tGetHandleVerifier [0x00B738B3+24035]\n\t(No symbol) [0x00AFBC44]\n\t(No symbol) [0x009DC2D3]\n\t(No symbol) [0x00A1DC86]\n\t(No symbol) [0x00A1DECB]\n\t(No symbol) [0x00A5B9D2]\n\t(No symbol) [0x00A3FED4]\n\t(No symbol) [0x00A5953F]\n\t(No symbol) [0x00A3FC26]\n\t(No symbol) [0x00A1218C]\n\t(No symbol) [0x00A1310D]\n\tGetHandleVerifier [0x00E196D3+2800643]\n\tGetHandleVerifier [0x00E7428E+3172286]\n\tGetHandleVerifier [0x00E6CEA2+3142610]\n\tGetHandleVerifier [0x00C16C60+692624]\n\t(No symbol) [0x00B04C5D]\n\t(No symbol) [0x00B01968]\n\t(No symbol) [0x00B01B00]\n\t(No symbol) [0x00AF3FB0]\n\tBaseThreadInitThunk [0x7678FCC9+25]\n\tRtlGetAppContainerNamedObjectPath [0x7781809E+286]\n\tRtlGetAppContainerNamedObjectPath [0x7781806E+238]\n\n", "trace": "  File \"C:\\Users\\marat\\OneDrive\\Рабочий стол\\Diplom\\Diplom_3\\venv\\Lib\\site-packages\\allure_commons\\_allure.py\", line 192, in impl\n    return func(*a, **kw)\n           ^^^^^^^^^^^^^^\n  File \"C:\\Users\\marat\\OneDrive\\Рабочий стол\\Diplom\\Diplom_3\\pages\\main_page.py\", line 68, in click_on_button_make_order\n    self.click_on_element(MainPageLocators.BUTTON_MAKE_ORDER)\n  File \"C:\\Users\\marat\\OneDrive\\Рабочий стол\\Diplom\\Diplom_3\\venv\\Lib\\site-packages\\allure_commons\\_allure.py\", line 192, in impl\n    return func(*a, **kw)\n           ^^^^^^^^^^^^^^\n  File \"C:\\Users\\marat\\OneDrive\\Рабочий стол\\Diplom\\Diplom_3\\pages\\base_page.py\", line 22, in click_on_element\n    target = self.check_element_is_clickable(locator)\n             ^^^^^^^^^^^^^^^^^^^^^^^^^^^^^^^^^^^^^^^^\n  File \"C:\\Users\\marat\\OneDrive\\Рабочий стол\\Diplom\\Diplom_3\\venv\\Lib\\site-packages\\allure_commons\\_allure.py\", line 192, in impl\n    return func(*a, **kw)\n           ^^^^^^^^^^^^^^\n  File \"C:\\Users\\marat\\OneDrive\\Рабочий стол\\Diplom\\Diplom_3\\pages\\base_page.py\", line 49, in check_element_is_clickable\n    return WebDriverWait(self.driver, timeout=15).until(ec.element_to_be_clickable(locator))\n           ^^^^^^^^^^^^^^^^^^^^^^^^^^^^^^^^^^^^^^^^^^^^^^^^^^^^^^^^^^^^^^^^^^^^^^^^^^^^^^^^^\n  File \"C:\\Users\\marat\\OneDrive\\Рабочий стол\\Diplom\\Diplom_3\\venv\\Lib\\site-packages\\selenium\\webdriver\\support\\wait.py\", line 105, in until\n    raise TimeoutException(message, screen, stacktrace)\n"}, "steps": [{"name": "Кликнуть на элемент", "status": "broken", "statusDetails": {"message": "selenium.common.exceptions.TimeoutException: Message: \nStacktrace:\n\tGetHandleVerifier [0x00B738B3+24035]\n\t(No symbol) [0x00AFBC44]\n\t(No symbol) [0x009DC2D3]\n\t(No symbol) [0x00A1DC86]\n\t(No symbol) [0x00A1DECB]\n\t(No symbol) [0x00A5B9D2]\n\t(No symbol) [0x00A3FED4]\n\t(No symbol) [0x00A5953F]\n\t(No symbol) [0x00A3FC26]\n\t(No symbol) [0x00A1218C]\n\t(No symbol) [0x00A1310D]\n\tGetHandleVerifier [0x00E196D3+2800643]\n\tGetHandleVerifier [0x00E7428E+3172286]\n\tGetHandleVerifier [0x00E6CEA2+3142610]\n\tGetHandleVerifier [0x00C16C60+692624]\n\t(No symbol) [0x00B04C5D]\n\t(No symbol) [0x00B01968]\n\t(No symbol) [0x00B01B00]\n\t(No symbol) [0x00AF3FB0]\n\tBaseThreadInitThunk [0x7678FCC9+25]\n\tRtlGetAppContainerNamedObjectPath [0x7781809E+286]\n\tRtlGetAppContainerNamedObjectPath [0x7781806E+238]\n\n", "trace": "  File \"C:\\Users\\marat\\OneDrive\\Рабочий стол\\Diplom\\Diplom_3\\venv\\Lib\\site-packages\\allure_commons\\_allure.py\", line 192, in impl\n    return func(*a, **kw)\n           ^^^^^^^^^^^^^^\n  File \"C:\\Users\\marat\\OneDrive\\Рабочий стол\\Diplom\\Diplom_3\\pages\\base_page.py\", line 22, in click_on_element\n    target = self.check_element_is_clickable(locator)\n             ^^^^^^^^^^^^^^^^^^^^^^^^^^^^^^^^^^^^^^^^\n  File \"C:\\Users\\marat\\OneDrive\\Рабочий стол\\Diplom\\Diplom_3\\venv\\Lib\\site-packages\\allure_commons\\_allure.py\", line 192, in impl\n    return func(*a, **kw)\n           ^^^^^^^^^^^^^^\n  File \"C:\\Users\\marat\\OneDrive\\Рабочий стол\\Diplom\\Diplom_3\\pages\\base_page.py\", line 49, in check_element_is_clickable\n    return WebDriverWait(self.driver, timeout=15).until(ec.element_to_be_clickable(locator))\n           ^^^^^^^^^^^^^^^^^^^^^^^^^^^^^^^^^^^^^^^^^^^^^^^^^^^^^^^^^^^^^^^^^^^^^^^^^^^^^^^^^\n  File \"C:\\Users\\marat\\OneDrive\\Рабочий стол\\Diplom\\Diplom_3\\venv\\Lib\\site-packages\\selenium\\webdriver\\support\\wait.py\", line 105, in until\n    raise TimeoutException(message, screen, stacktrace)\n"}, "steps": [{"name": "Проверить кликабельность элемента", "status": "broken", "statusDetails": {"message": "selenium.common.exceptions.TimeoutException: Message: \nStacktrace:\n\tGetHandleVerifier [0x00B738B3+24035]\n\t(No symbol) [0x00AFBC44]\n\t(No symbol) [0x009DC2D3]\n\t(No symbol) [0x00A1DC86]\n\t(No symbol) [0x00A1DECB]\n\t(No symbol) [0x00A5B9D2]\n\t(No symbol) [0x00A3FED4]\n\t(No symbol) [0x00A5953F]\n\t(No symbol) [0x00A3FC26]\n\t(No symbol) [0x00A1218C]\n\t(No symbol) [0x00A1310D]\n\tGetHandleVerifier [0x00E196D3+2800643]\n\tGetHandleVerifier [0x00E7428E+3172286]\n\tGetHandleVerifier [0x00E6CEA2+3142610]\n\tGetHandleVerifier [0x00C16C60+692624]\n\t(No symbol) [0x00B04C5D]\n\t(No symbol) [0x00B01968]\n\t(No symbol) [0x00B01B00]\n\t(No symbol) [0x00AF3FB0]\n\tBaseThreadInitThunk [0x7678FCC9+25]\n\tRtlGetAppContainerNamedObjectPath [0x7781809E+286]\n\tRtlGetAppContainerNamedObjectPath [0x7781806E+238]\n\n", "trace": "  File \"C:\\Users\\marat\\OneDrive\\Рабочий стол\\Diplom\\Diplom_3\\venv\\Lib\\site-packages\\allure_commons\\_allure.py\", line 192, in impl\n    return func(*a, **kw)\n           ^^^^^^^^^^^^^^\n  File \"C:\\Users\\marat\\OneDrive\\Рабочий стол\\Diplom\\Diplom_3\\pages\\base_page.py\", line 49, in check_element_is_clickable\n    return WebDriverWait(self.driver, timeout=15).until(ec.element_to_be_clickable(locator))\n           ^^^^^^^^^^^^^^^^^^^^^^^^^^^^^^^^^^^^^^^^^^^^^^^^^^^^^^^^^^^^^^^^^^^^^^^^^^^^^^^^^\n  File \"C:\\Users\\marat\\OneDrive\\Рабочий стол\\Diplom\\Diplom_3\\venv\\Lib\\site-packages\\selenium\\webdriver\\support\\wait.py\", line 105, in until\n    raise TimeoutException(message, screen, stacktrace)\n"}, "parameters": [{"name": "locator", "value": "('xpath', '//button[text()=\"Оформить заказ\"]')"}], "start": 1730660482325, "stop": 1730660497585}], "parameters": [{"name": "locator", "value": "('xpath', '//button[text()=\"Оформить заказ\"]')"}], "start": 1730660482325, "stop": 1730660497586}], "start": 1730660482325, "stop": 1730660497586}], "parameters": [{"name": "driver", "value": "'chrome'"}], "start": 1730660476401, "stop": 1730660497587, "uuid": "8ca0a584-c6c1-4887-9c79-d559445323cc", "historyId": "cbce564977750e7c3d382c793d3ccd18", "testCaseId": "1b324a13a3a334e4dc21b424b83efa9f", "fullName": "tests.test_order_list.TestFeedPage#test_displaying_new_order_in_progress_feed_success", "labels": [{"name": "parentSuite", "value": "tests"}, {"name": "suite", "value": "test_order_list"}, {"name": "subSuite", "value": "TestFeedPage"}, {"name": "host", "value": "DESKTOP-4QJCJVN"}, {"name": "thread", "value": "10096-MainThread"}, {"name": "framework", "value": "pytest"}, {"name": "language", "value": "cpython3"}, {"name": "package", "value": "tests.test_order_list"}]}