{"name": "Проверка увеличения числа на счетчике общего количества выполненных заказов", "status": "broken", "statusDetails": {"message": "selenium.common.exceptions.TimeoutException: Message: \nStacktrace:\n\tGetHandleVerifier [0x00D038B3+24035]\n\t(No symbol) [0x00C8BC44]\n\t(No symbol) [0x00B6C2D3]\n\t(No symbol) [0x00BADC86]\n\t(No symbol) [0x00BADECB]\n\t(No symbol) [0x00BEB9D2]\n\t(No symbol) [0x00BCFED4]\n\t(No symbol) [0x00BE953F]\n\t(No symbol) [0x00BCFC26]\n\t(No symbol) [0x00BA218C]\n\t(No symbol) [0x00BA310D]\n\tGetHandleVerifier [0x00FA96D3+2800643]\n\tGetHandleVerifier [0x0100428E+3172286]\n\tGetHandleVerifier [0x00FFCEA2+3142610]\n\tGetHandleVerifier [0x00DA6C60+692624]\n\t(No symbol) [0x00C94C5D]\n\t(No symbol) [0x00C91968]\n\t(No symbol) [0x00C91B00]\n\t(No symbol) [0x00C83FB0]\n\tBaseThreadInitThunk [0x7678FCC9+25]\n\tRtlGetAppContainerNamedObjectPath [0x7781809E+286]\n\tRtlGetAppContainerNamedObjectPath [0x7781806E+238]", "trace": "self = <test_order_list.TestFeedPage object at 0x000002159CA79D90>, driver = <selenium.webdriver.chrome.webdriver.WebDriver (session=\"47c460b4bdda6a9e378eba7a274fa8f1\")>, set_user_tokens = None\n\n    @allure.title('Проверка увеличения числа на счетчике общего количества выполненных заказов')\n    def test_changes_counter_for_quantity_of_orders_success(self, driver, set_user_tokens):\n        main_page = MainPage(driver)\n        feed_page = FeedPage(driver)\n        main_page.click_header_feed_button()\n        orders_count_1 = feed_page.get_quantity_of_orders()\n        main_page.click_on_button_constructor()\n        main_page.click_on_button_login_in_main()\n        main_page.drag_and_drop_ingredient_to_order()\n        main_page.click_on_button_make_order()\n        main_page.click_on_button_close_confirmation_modal()\n        main_page.click_header_feed_button()\n>       orders_count_2 = feed_page.get_quantity_of_orders()\n\ntests\\test_order_list.py:44: \n_ _ _ _ _ _ _ _ _ _ _ _ _ _ _ _ _ _ _ _ _ _ _ _ _ _ _ _ _ _ _ _ _ _ _ _ _ _ _ _ _ _ _ _ _ _ _ _ _ _ _ _ _ _ _ _ _ _ _ _ _ _ _ _ _ _ _ _ _ _ _ _ _ _ _ _ _ _ _ _ _ _ _ _ _ _ _ _ _ _ _ _ _ _ _ _ _ _ _ _ _\npages\\order_list_page.py:22: in get_quantity_of_orders\n    self.find_element_with_wait(OrderListLocators.COUNTER_OF_ORDERS)\npages\\base_page.py:17: in find_element_with_wait\n    self.wait_visibility_of_element(locator)\npages\\base_page.py:13: in wait_visibility_of_element\n    WebDriverWait(self.driver, timeout=20).until(ec.visibility_of_element_located(locator))\n_ _ _ _ _ _ _ _ _ _ _ _ _ _ _ _ _ _ _ _ _ _ _ _ _ _ _ _ _ _ _ _ _ _ _ _ _ _ _ _ _ _ _ _ _ _ _ _ _ _ _ _ _ _ _ _ _ _ _ _ _ _ _ _ _ _ _ _ _ _ _ _ _ _ _ _ _ _ _ _ _ _ _ _ _ _ _ _ _ _ _ _ _ _ _ _ _ _ _ _ _\n\nself = <selenium.webdriver.support.wait.WebDriverWait (session=\"47c460b4bdda6a9e378eba7a274fa8f1\")>, method = <function visibility_of_element_located.<locals>._predicate at 0x000002159D4FE700>\nmessage = ''\n\n    def until(self, method: Callable[[D], Union[Literal[False], T]], message: str = \"\") -> T:\n        \"\"\"Calls the method provided with the driver as an argument until the \\\n        return value does not evaluate to ``False``.\n    \n        :param method: callable(WebDriver)\n        :param message: optional message for :exc:`TimeoutException`\n        :returns: the result of the last call to `method`\n        :raises: :exc:`selenium.common.exceptions.TimeoutException` if timeout occurs\n        \"\"\"\n        screen = None\n        stacktrace = None\n    \n        end_time = time.monotonic() + self._timeout\n        while True:\n            try:\n                value = method(self._driver)\n                if value:\n                    return value\n            except self._ignored_exceptions as exc:\n                screen = getattr(exc, \"screen\", None)\n                stacktrace = getattr(exc, \"stacktrace\", None)\n            if time.monotonic() > end_time:\n                break\n            time.sleep(self._poll)\n>       raise TimeoutException(message, screen, stacktrace)\nE       selenium.common.exceptions.TimeoutException: Message: \nE       Stacktrace:\nE       \tGetHandleVerifier [0x00D038B3+24035]\nE       \t(No symbol) [0x00C8BC44]\nE       \t(No symbol) [0x00B6C2D3]\nE       \t(No symbol) [0x00BADC86]\nE       \t(No symbol) [0x00BADECB]\nE       \t(No symbol) [0x00BEB9D2]\nE       \t(No symbol) [0x00BCFED4]\nE       \t(No symbol) [0x00BE953F]\nE       \t(No symbol) [0x00BCFC26]\nE       \t(No symbol) [0x00BA218C]\nE       \t(No symbol) [0x00BA310D]\nE       \tGetHandleVerifier [0x00FA96D3+2800643]\nE       \tGetHandleVerifier [0x0100428E+3172286]\nE       \tGetHandleVerifier [0x00FFCEA2+3142610]\nE       \tGetHandleVerifier [0x00DA6C60+692624]\nE       \t(No symbol) [0x00C94C5D]\nE       \t(No symbol) [0x00C91968]\nE       \t(No symbol) [0x00C91B00]\nE       \t(No symbol) [0x00C83FB0]\nE       \tBaseThreadInitThunk [0x7678FCC9+25]\nE       \tRtlGetAppContainerNamedObjectPath [0x7781809E+286]\nE       \tRtlGetAppContainerNamedObjectPath [0x7781806E+238]\n\nvenv\\Lib\\site-packages\\selenium\\webdriver\\support\\wait.py:105: TimeoutException"}, "steps": [{"name": "Кликнуть по кнопке \"Лента заказов\"", "status": "passed", "steps": [{"name": "Подождать прогрузки элемента", "status": "passed", "parameters": [{"name": "locator", "value": "('xpath', '//p[text()=\"Лента Заказов\"]/parent::a/parent::li')"}], "start": 1730668081455, "stop": 1730668081474}, {"name": "Кликнуть на элемент", "status": "passed", "steps": [{"name": "Проверить кликабельность элемента", "status": "passed", "parameters": [{"name": "locator", "value": "('xpath', '//p[text()=\"Лента Заказов\"]/parent::a/parent::li')"}], "start": 1730668081474, "stop": 1730668081496}], "parameters": [{"name": "locator", "value": "('xpath', '//p[text()=\"Лента Заказов\"]/parent::a/parent::li')"}], "start": 1730668081474, "stop": 1730668081776}], "start": 1730668081454, "stop": 1730668081777}, {"name": "Получить количество заказов, выполненных за все время", "status": "passed", "steps": [{"name": "Найти элемент на странице", "status": "passed", "steps": [{"name": "Подождать прогрузки элемента", "status": "passed", "parameters": [{"name": "locator", "value": "('xpath', '//p[text()=\"Выполнено за все время:\"]/following-sibling::p')"}], "start": 1730668081777, "stop": 1730668082826}], "parameters": [{"name": "locator", "value": "('xpath', '//p[text()=\"Выполнено за все время:\"]/following-sibling::p')"}], "start": 1730668081777, "stop": 1730668082833}, {"name": "Получить текст на элементе", "status": "passed", "steps": [{"name": "Подождать прогрузки элемента", "status": "passed", "parameters": [{"name": "locator", "value": "('xpath', '//p[text()=\"Выполнено за все время:\"]/following-sibling::p')"}], "start": 1730668082833, "stop": 1730668082844}], "parameters": [{"name": "locator", "value": "('xpath', '//p[text()=\"Выполнено за все время:\"]/following-sibling::p')"}], "start": 1730668082833, "stop": 1730668082860}], "start": 1730668081777, "stop": 1730668082860}, {"name": "Переход на страницу конструктора", "status": "passed", "steps": [{"name": "Подождать прогрузки элемента", "status": "passed", "parameters": [{"name": "locator", "value": "('xpath', '//p[text() = \"Конструктор\"]')"}], "start": 1730668082860, "stop": 1730668082874}, {"name": "Кликнуть на элемент", "status": "passed", "steps": [{"name": "Проверить кликабельность элемента", "status": "passed", "parameters": [{"name": "locator", "value": "('xpath', '//p[text() = \"Конструктор\"]')"}], "start": 1730668082874, "stop": 1730668082889}], "parameters": [{"name": "locator", "value": "('xpath', '//p[text() = \"Конструктор\"]')"}], "start": 1730668082874, "stop": 1730668083175}], "start": 1730668082860, "stop": 1730668083175}, {"name": "Кликнуть по кнопке \"Войти в аккаунт\" на главной", "status": "passed", "steps": [{"name": "Кликнуть на элемент", "status": "passed", "steps": [{"name": "Проверить кликабельность элемента", "status": "passed", "parameters": [{"name": "locator", "value": "('xpath', './/button[text() = \"Войти в аккаунт\"]')"}], "start": 1730668083175, "stop": 1730668083198}], "parameters": [{"name": "locator", "value": "('xpath', './/button[text() = \"Войти в аккаунт\"]')"}], "start": 1730668083175, "stop": 1730668083487}], "start": 1730668083175, "stop": 1730668083487}, {"name": "Добавить интгридиенты", "status": "passed", "steps": [{"name": "Найти элемент на странице", "status": "passed", "steps": [{"name": "Подождать прогрузки элемента", "status": "passed", "parameters": [{"name": "locator", "value": "('xpath', './/*[@alt=\"Флюоресцентная булка R2-D3\"]')"}], "start": 1730668083487, "stop": 1730668084014}], "parameters": [{"name": "locator", "value": "('xpath', './/*[@alt=\"Флюоресцентная булка R2-D3\"]')"}], "start": 1730668083487, "stop": 1730668084023}, {"name": "Найти элемент на странице", "status": "passed", "steps": [{"name": "Подождать прогрузки элемента", "status": "passed", "parameters": [{"name": "locator", "value": "('xpath', '//section[contains(@class, \"BurgerConstructor_basket\")]')"}], "start": 1730668084023, "stop": 1730668084038}], "parameters": [{"name": "locator", "value": "('xpath', '//section[contains(@class, \"BurgerConstructor_basket\")]')"}], "start": 1730668084023, "stop": 1730668084042}, {"name": "Перетащить элемент", "status": "passed", "parameters": [{"name": "source_element", "value": "<selenium.webdriver.remote.webelement.WebElement (session=\"47c460b4bdda6a9e378eba7a274fa8f1\", element=\"f.4BF5400CD8D73C22E746549A0A672FCA.d.3D40BEFBC1930CBFBECC50D7EF97DCFE.e.110\")>"}, {"name": "target_element", "value": "<selenium.webdriver.remote.webelement.WebElement (session=\"47c460b4bdda6a9e378eba7a274fa8f1\", element=\"f.4BF5400CD8D73C22E746549A0A672FCA.d.3D40BEFBC1930CBFBECC50D7EF97DCFE.e.109\")>"}], "start": 1730668084042, "stop": 1730668089601}], "start": 1730668083487, "stop": 1730668089601}, {"name": "Кликнуть на кнопку создания заказа", "status": "passed", "steps": [{"name": "Кликнуть на элемент", "status": "passed", "steps": [{"name": "Проверить кликабельность элемента", "status": "passed", "parameters": [{"name": "locator", "value": "('xpath', '//button[text()=\"Оформить заказ\"]')"}], "start": 1730668089601, "stop": 1730668089624}], "parameters": [{"name": "locator", "value": "('xpath', '//button[text()=\"Оформить заказ\"]')"}], "start": 1730668089601, "stop": 1730668089903}], "start": 1730668089601, "stop": 1730668089903}, {"name": "Кликнуть на кнопку закрытия окна о создании заказа", "status": "passed", "steps": [{"name": "Проверить кликабельность элемента", "status": "passed", "parameters": [{"name": "locator", "value": "('xpath', '//section[contains(@class, \"Modal_modal_opened\")]//button[contains(@class, \"close\")]')"}], "start": 1730668089904, "stop": 1730668090441}, {"name": "Кликнуть на элемент", "status": "passed", "steps": [{"name": "Проверить кликабельность элемента", "status": "passed", "parameters": [{"name": "locator", "value": "('xpath', '//section[contains(@class, \"Modal_modal_opened\")]//button[contains(@class, \"close\")]')"}], "start": 1730668090441, "stop": 1730668090461}], "parameters": [{"name": "locator", "value": "('xpath', '//section[contains(@class, \"Modal_modal_opened\")]//button[contains(@class, \"close\")]')"}], "start": 1730668090441, "stop": 1730668090729}], "start": 1730668089903, "stop": 1730668090729}, {"name": "Кликнуть по кнопке \"Лента заказов\"", "status": "passed", "steps": [{"name": "Подождать прогрузки элемента", "status": "passed", "parameters": [{"name": "locator", "value": "('xpath', '//p[text()=\"Лента Заказов\"]/parent::a/parent::li')"}], "start": 1730668090730, "stop": 1730668090742}, {"name": "Кликнуть на элемент", "status": "passed", "steps": [{"name": "Проверить кликабельность элемента", "status": "passed", "parameters": [{"name": "locator", "value": "('xpath', '//p[text()=\"Лента Заказов\"]/parent::a/parent::li')"}], "start": 1730668090743, "stop": 1730668090760}], "parameters": [{"name": "locator", "value": "('xpath', '//p[text()=\"Лента Заказов\"]/parent::a/parent::li')"}], "start": 1730668090743, "stop": 1730668091023}], "start": 1730668090729, "stop": 1730668091023}, {"name": "Получить количество заказов, выполненных за все время", "status": "broken", "statusDetails": {"message": "selenium.common.exceptions.TimeoutException: Message: \nStacktrace:\n\tGetHandleVerifier [0x00D038B3+24035]\n\t(No symbol) [0x00C8BC44]\n\t(No symbol) [0x00B6C2D3]\n\t(No symbol) [0x00BADC86]\n\t(No symbol) [0x00BADECB]\n\t(No symbol) [0x00BEB9D2]\n\t(No symbol) [0x00BCFED4]\n\t(No symbol) [0x00BE953F]\n\t(No symbol) [0x00BCFC26]\n\t(No symbol) [0x00BA218C]\n\t(No symbol) [0x00BA310D]\n\tGetHandleVerifier [0x00FA96D3+2800643]\n\tGetHandleVerifier [0x0100428E+3172286]\n\tGetHandleVerifier [0x00FFCEA2+3142610]\n\tGetHandleVerifier [0x00DA6C60+692624]\n\t(No symbol) [0x00C94C5D]\n\t(No symbol) [0x00C91968]\n\t(No symbol) [0x00C91B00]\n\t(No symbol) [0x00C83FB0]\n\tBaseThreadInitThunk [0x7678FCC9+25]\n\tRtlGetAppContainerNamedObjectPath [0x7781809E+286]\n\tRtlGetAppContainerNamedObjectPath [0x7781806E+238]\n\n", "trace": "  File \"C:\\Users\\marat\\OneDrive\\Рабочий стол\\Diplom\\Diplom_3\\venv\\Lib\\site-packages\\allure_commons\\_allure.py\", line 192, in impl\n    return func(*a, **kw)\n           ^^^^^^^^^^^^^^\n  File \"C:\\Users\\marat\\OneDrive\\Рабочий стол\\Diplom\\Diplom_3\\pages\\order_list_page.py\", line 22, in get_quantity_of_orders\n    self.find_element_with_wait(OrderListLocators.COUNTER_OF_ORDERS)\n  File \"C:\\Users\\marat\\OneDrive\\Рабочий стол\\Diplom\\Diplom_3\\venv\\Lib\\site-packages\\allure_commons\\_allure.py\", line 192, in impl\n    return func(*a, **kw)\n           ^^^^^^^^^^^^^^\n  File \"C:\\Users\\marat\\OneDrive\\Рабочий стол\\Diplom\\Diplom_3\\pages\\base_page.py\", line 17, in find_element_with_wait\n    self.wait_visibility_of_element(locator)\n  File \"C:\\Users\\marat\\OneDrive\\Рабочий стол\\Diplom\\Diplom_3\\venv\\Lib\\site-packages\\allure_commons\\_allure.py\", line 192, in impl\n    return func(*a, **kw)\n           ^^^^^^^^^^^^^^\n  File \"C:\\Users\\marat\\OneDrive\\Рабочий стол\\Diplom\\Diplom_3\\pages\\base_page.py\", line 13, in wait_visibility_of_element\n    WebDriverWait(self.driver, timeout=20).until(ec.visibility_of_element_located(locator))\n  File \"C:\\Users\\marat\\OneDrive\\Рабочий стол\\Diplom\\Diplom_3\\venv\\Lib\\site-packages\\selenium\\webdriver\\support\\wait.py\", line 105, in until\n    raise TimeoutException(message, screen, stacktrace)\n"}, "steps": [{"name": "Найти элемент на странице", "status": "broken", "statusDetails": {"message": "selenium.common.exceptions.TimeoutException: Message: \nStacktrace:\n\tGetHandleVerifier [0x00D038B3+24035]\n\t(No symbol) [0x00C8BC44]\n\t(No symbol) [0x00B6C2D3]\n\t(No symbol) [0x00BADC86]\n\t(No symbol) [0x00BADECB]\n\t(No symbol) [0x00BEB9D2]\n\t(No symbol) [0x00BCFED4]\n\t(No symbol) [0x00BE953F]\n\t(No symbol) [0x00BCFC26]\n\t(No symbol) [0x00BA218C]\n\t(No symbol) [0x00BA310D]\n\tGetHandleVerifier [0x00FA96D3+2800643]\n\tGetHandleVerifier [0x0100428E+3172286]\n\tGetHandleVerifier [0x00FFCEA2+3142610]\n\tGetHandleVerifier [0x00DA6C60+692624]\n\t(No symbol) [0x00C94C5D]\n\t(No symbol) [0x00C91968]\n\t(No symbol) [0x00C91B00]\n\t(No symbol) [0x00C83FB0]\n\tBaseThreadInitThunk [0x7678FCC9+25]\n\tRtlGetAppContainerNamedObjectPath [0x7781809E+286]\n\tRtlGetAppContainerNamedObjectPath [0x7781806E+238]\n\n", "trace": "  File \"C:\\Users\\marat\\OneDrive\\Рабочий стол\\Diplom\\Diplom_3\\venv\\Lib\\site-packages\\allure_commons\\_allure.py\", line 192, in impl\n    return func(*a, **kw)\n           ^^^^^^^^^^^^^^\n  File \"C:\\Users\\marat\\OneDrive\\Рабочий стол\\Diplom\\Diplom_3\\pages\\base_page.py\", line 17, in find_element_with_wait\n    self.wait_visibility_of_element(locator)\n  File \"C:\\Users\\marat\\OneDrive\\Рабочий стол\\Diplom\\Diplom_3\\venv\\Lib\\site-packages\\allure_commons\\_allure.py\", line 192, in impl\n    return func(*a, **kw)\n           ^^^^^^^^^^^^^^\n  File \"C:\\Users\\marat\\OneDrive\\Рабочий стол\\Diplom\\Diplom_3\\pages\\base_page.py\", line 13, in wait_visibility_of_element\n    WebDriverWait(self.driver, timeout=20).until(ec.visibility_of_element_located(locator))\n  File \"C:\\Users\\marat\\OneDrive\\Рабочий стол\\Diplom\\Diplom_3\\venv\\Lib\\site-packages\\selenium\\webdriver\\support\\wait.py\", line 105, in until\n    raise TimeoutException(message, screen, stacktrace)\n"}, "steps": [{"name": "Подождать прогрузки элемента", "status": "broken", "statusDetails": {"message": "selenium.common.exceptions.TimeoutException: Message: \nStacktrace:\n\tGetHandleVerifier [0x00D038B3+24035]\n\t(No symbol) [0x00C8BC44]\n\t(No symbol) [0x00B6C2D3]\n\t(No symbol) [0x00BADC86]\n\t(No symbol) [0x00BADECB]\n\t(No symbol) [0x00BEB9D2]\n\t(No symbol) [0x00BCFED4]\n\t(No symbol) [0x00BE953F]\n\t(No symbol) [0x00BCFC26]\n\t(No symbol) [0x00BA218C]\n\t(No symbol) [0x00BA310D]\n\tGetHandleVerifier [0x00FA96D3+2800643]\n\tGetHandleVerifier [0x0100428E+3172286]\n\tGetHandleVerifier [0x00FFCEA2+3142610]\n\tGetHandleVerifier [0x00DA6C60+692624]\n\t(No symbol) [0x00C94C5D]\n\t(No symbol) [0x00C91968]\n\t(No symbol) [0x00C91B00]\n\t(No symbol) [0x00C83FB0]\n\tBaseThreadInitThunk [0x7678FCC9+25]\n\tRtlGetAppContainerNamedObjectPath [0x7781809E+286]\n\tRtlGetAppContainerNamedObjectPath [0x7781806E+238]\n\n", "trace": "  File \"C:\\Users\\marat\\OneDrive\\Рабочий стол\\Diplom\\Diplom_3\\venv\\Lib\\site-packages\\allure_commons\\_allure.py\", line 192, in impl\n    return func(*a, **kw)\n           ^^^^^^^^^^^^^^\n  File \"C:\\Users\\marat\\OneDrive\\Рабочий стол\\Diplom\\Diplom_3\\pages\\base_page.py\", line 13, in wait_visibility_of_element\n    WebDriverWait(self.driver, timeout=20).until(ec.visibility_of_element_located(locator))\n  File \"C:\\Users\\marat\\OneDrive\\Рабочий стол\\Diplom\\Diplom_3\\venv\\Lib\\site-packages\\selenium\\webdriver\\support\\wait.py\", line 105, in until\n    raise TimeoutException(message, screen, stacktrace)\n"}, "parameters": [{"name": "locator", "value": "('xpath', '//p[text()=\"Выполнено за все время:\"]/following-sibling::p')"}], "start": 1730668091023, "stop": 1730668111353}], "parameters": [{"name": "locator", "value": "('xpath', '//p[text()=\"Выполнено за все время:\"]/following-sibling::p')"}], "start": 1730668091023, "stop": 1730668111353}], "start": 1730668091023, "stop": 1730668111354}], "parameters": [{"name": "driver", "value": "'chrome'"}], "start": 1730668081454, "stop": 1730668111355, "uuid": "6db7fa69-dad6-4329-9433-a5b6961ce904", "historyId": "aa324afc2df9a756e94b40e14a63b490", "testCaseId": "4c0abb8783d0422e5d9c30e50b66e0f6", "fullName": "tests.test_order_list.TestFeedPage#test_changes_counter_for_quantity_of_orders_success", "labels": [{"name": "parentSuite", "value": "tests"}, {"name": "suite", "value": "test_order_list"}, {"name": "subSuite", "value": "TestFeedPage"}, {"name": "host", "value": "DESKTOP-4QJCJVN"}, {"name": "thread", "value": "7024-MainThread"}, {"name": "framework", "value": "pytest"}, {"name": "language", "value": "cpython3"}, {"name": "package", "value": "tests.test_order_list"}]}