{"name": "Залогиненный пользователь может оформить заказ", "status": "broken", "statusDetails": {"message": "selenium.common.exceptions.TimeoutException: Message: \nStacktrace:\nRemoteError@chrome://remote/content/shared/RemoteError.sys.mjs:8:8\nWebDriverError@chrome://remote/content/shared/webdriver/Errors.sys.mjs:193:5\nNoSuchElementError@chrome://remote/content/shared/webdriver/Errors.sys.mjs:511:5\ndom.find/</<@chrome://remote/content/shared/DOM.sys.mjs:136:16", "trace": "self = <test_main_page.TestMainPage object at 0x00000297AED56050>, driver = <selenium.webdriver.firefox.webdriver.WebDriver (session=\"0c3bf357-de34-4a25-bd6c-cc25f569756e\")>, set_user_tokens = None\n\n    @allure.title('Залогиненный пользователь может оформить заказ')\n    def test_making_order_by_authenticated_user_success(self, driver, set_user_tokens):\n        main_page = MainPage(driver)\n        main_page.click_on_button_login_in_main()\n        main_page.drag_and_drop_ingredient_to_order()\n>       main_page.click_on_button_make_order()\n\ntests\\test_main_page.py:46: \n_ _ _ _ _ _ _ _ _ _ _ _ _ _ _ _ _ _ _ _ _ _ _ _ _ _ _ _ _ _ _ _ _ _ _ _ _ _ _ _ _ _ _ _ _ _ _ _ _ _ _ _ _ _ _ _ _ _ _ _ _ _ _ _ _ _ _ _ _ _ _ _ _ _ _ _ _ _ _ _ _ _ _ _ _ _ _ _ _ _ _ _ _ _ _ _ _ _ _ _ _\npages\\main_page.py:68: in click_on_button_make_order\n    self.click_on_element(MainPageLocators.BUTTON_MAKE_ORDER)\npages\\base_page.py:22: in click_on_element\n    target = self.check_element_is_clickable(locator)\npages\\base_page.py:49: in check_element_is_clickable\n    return WebDriverWait(self.driver, timeout=15).until(ec.element_to_be_clickable(locator))\n_ _ _ _ _ _ _ _ _ _ _ _ _ _ _ _ _ _ _ _ _ _ _ _ _ _ _ _ _ _ _ _ _ _ _ _ _ _ _ _ _ _ _ _ _ _ _ _ _ _ _ _ _ _ _ _ _ _ _ _ _ _ _ _ _ _ _ _ _ _ _ _ _ _ _ _ _ _ _ _ _ _ _ _ _ _ _ _ _ _ _ _ _ _ _ _ _ _ _ _ _\n\nself = <selenium.webdriver.support.wait.WebDriverWait (session=\"0c3bf357-de34-4a25-bd6c-cc25f569756e\")>, method = <function element_to_be_clickable.<locals>._predicate at 0x00000297AEDEC720>\nmessage = ''\n\n    def until(self, method: Callable[[D], Union[Literal[False], T]], message: str = \"\") -> T:\n        \"\"\"Calls the method provided with the driver as an argument until the \\\n        return value does not evaluate to ``False``.\n    \n        :param method: callable(WebDriver)\n        :param message: optional message for :exc:`TimeoutException`\n        :returns: the result of the last call to `method`\n        :raises: :exc:`selenium.common.exceptions.TimeoutException` if timeout occurs\n        \"\"\"\n        screen = None\n        stacktrace = None\n    \n        end_time = time.monotonic() + self._timeout\n        while True:\n            try:\n                value = method(self._driver)\n                if value:\n                    return value\n            except self._ignored_exceptions as exc:\n                screen = getattr(exc, \"screen\", None)\n                stacktrace = getattr(exc, \"stacktrace\", None)\n            if time.monotonic() > end_time:\n                break\n            time.sleep(self._poll)\n>       raise TimeoutException(message, screen, stacktrace)\nE       selenium.common.exceptions.TimeoutException: Message: \nE       Stacktrace:\nE       RemoteError@chrome://remote/content/shared/RemoteError.sys.mjs:8:8\nE       WebDriverError@chrome://remote/content/shared/webdriver/Errors.sys.mjs:193:5\nE       NoSuchElementError@chrome://remote/content/shared/webdriver/Errors.sys.mjs:511:5\nE       dom.find/</<@chrome://remote/content/shared/DOM.sys.mjs:136:16\n\nvenv\\Lib\\site-packages\\selenium\\webdriver\\support\\wait.py:105: TimeoutException"}, "steps": [{"name": "Кликнуть по кнопке \"Войти в аккаунт\" на главной", "status": "passed", "steps": [{"name": "Кликнуть на элемент", "status": "passed", "steps": [{"name": "Проверить кликабельность элемента", "status": "passed", "parameters": [{"name": "locator", "value": "('xpath', './/button[text() = \"Войти в аккаунт\"]')"}], "start": 1730660163950, "stop": 1730660163968}], "parameters": [{"name": "locator", "value": "('xpath', './/button[text() = \"Войти в аккаунт\"]')"}], "start": 1730660163950, "stop": 1730660164259}], "start": 1730660163950, "stop": 1730660164259}, {"name": "Добавить интгридиенты", "status": "passed", "steps": [{"name": "Найти элемент на странице", "status": "passed", "steps": [{"name": "Подождать прогрузки элемента", "status": "passed", "parameters": [{"name": "locator", "value": "('xpath', './/*[@alt=\"Флюоресцентная булка R2-D3\"]')"}], "start": 1730660164260, "stop": 1730660164271}], "parameters": [{"name": "locator", "value": "('xpath', './/*[@alt=\"Флюоресцентная булка R2-D3\"]')"}], "start": 1730660164259, "stop": 1730660164273}, {"name": "Найти элемент на странице", "status": "passed", "steps": [{"name": "Подождать прогрузки элемента", "status": "passed", "parameters": [{"name": "locator", "value": "('xpath', '//section[contains(@class, \"BurgerConstructor_basket\")]')"}], "start": 1730660164273, "stop": 1730660164282}], "parameters": [{"name": "locator", "value": "('xpath', '//section[contains(@class, \"BurgerConstructor_basket\")]')"}], "start": 1730660164273, "stop": 1730660164284}, {"name": "Перетащить элемент", "status": "passed", "parameters": [{"name": "source_element", "value": "<selenium.webdriver.remote.webelement.WebElement (session=\"0c3bf357-de34-4a25-bd6c-cc25f569756e\", element=\"e9671788-19ee-47b1-af0c-b0f28cde39b0\")>"}, {"name": "target_element", "value": "<selenium.webdriver.remote.webelement.WebElement (session=\"0c3bf357-de34-4a25-bd6c-cc25f569756e\", element=\"a5c51c83-996d-4474-a913-7bcce2494a94\")>"}], "start": 1730660164284, "stop": 1730660169858}], "start": 1730660164259, "stop": 1730660169858}, {"name": "Кликнуть на кнопку создания заказа", "status": "broken", "statusDetails": {"message": "selenium.common.exceptions.TimeoutException: Message: \nStacktrace:\nRemoteError@chrome://remote/content/shared/RemoteError.sys.mjs:8:8\nWebDriverError@chrome://remote/content/shared/webdriver/Errors.sys.mjs:193:5\nNoSuchElementError@chrome://remote/content/shared/webdriver/Errors.sys.mjs:511:5\ndom.find/</<@chrome://remote/content/shared/DOM.sys.mjs:136:16\n\n", "trace": "  File \"C:\\Users\\marat\\OneDrive\\Рабочий стол\\Diplom\\Diplom_3\\venv\\Lib\\site-packages\\allure_commons\\_allure.py\", line 192, in impl\n    return func(*a, **kw)\n           ^^^^^^^^^^^^^^\n  File \"C:\\Users\\marat\\OneDrive\\Рабочий стол\\Diplom\\Diplom_3\\pages\\main_page.py\", line 68, in click_on_button_make_order\n    self.click_on_element(MainPageLocators.BUTTON_MAKE_ORDER)\n  File \"C:\\Users\\marat\\OneDrive\\Рабочий стол\\Diplom\\Diplom_3\\venv\\Lib\\site-packages\\allure_commons\\_allure.py\", line 192, in impl\n    return func(*a, **kw)\n           ^^^^^^^^^^^^^^\n  File \"C:\\Users\\marat\\OneDrive\\Рабочий стол\\Diplom\\Diplom_3\\pages\\base_page.py\", line 22, in click_on_element\n    target = self.check_element_is_clickable(locator)\n             ^^^^^^^^^^^^^^^^^^^^^^^^^^^^^^^^^^^^^^^^\n  File \"C:\\Users\\marat\\OneDrive\\Рабочий стол\\Diplom\\Diplom_3\\venv\\Lib\\site-packages\\allure_commons\\_allure.py\", line 192, in impl\n    return func(*a, **kw)\n           ^^^^^^^^^^^^^^\n  File \"C:\\Users\\marat\\OneDrive\\Рабочий стол\\Diplom\\Diplom_3\\pages\\base_page.py\", line 49, in check_element_is_clickable\n    return WebDriverWait(self.driver, timeout=15).until(ec.element_to_be_clickable(locator))\n           ^^^^^^^^^^^^^^^^^^^^^^^^^^^^^^^^^^^^^^^^^^^^^^^^^^^^^^^^^^^^^^^^^^^^^^^^^^^^^^^^^\n  File \"C:\\Users\\marat\\OneDrive\\Рабочий стол\\Diplom\\Diplom_3\\venv\\Lib\\site-packages\\selenium\\webdriver\\support\\wait.py\", line 105, in until\n    raise TimeoutException(message, screen, stacktrace)\n"}, "steps": [{"name": "Кликнуть на элемент", "status": "broken", "statusDetails": {"message": "selenium.common.exceptions.TimeoutException: Message: \nStacktrace:\nRemoteError@chrome://remote/content/shared/RemoteError.sys.mjs:8:8\nWebDriverError@chrome://remote/content/shared/webdriver/Errors.sys.mjs:193:5\nNoSuchElementError@chrome://remote/content/shared/webdriver/Errors.sys.mjs:511:5\ndom.find/</<@chrome://remote/content/shared/DOM.sys.mjs:136:16\n\n", "trace": "  File \"C:\\Users\\marat\\OneDrive\\Рабочий стол\\Diplom\\Diplom_3\\venv\\Lib\\site-packages\\allure_commons\\_allure.py\", line 192, in impl\n    return func(*a, **kw)\n           ^^^^^^^^^^^^^^\n  File \"C:\\Users\\marat\\OneDrive\\Рабочий стол\\Diplom\\Diplom_3\\pages\\base_page.py\", line 22, in click_on_element\n    target = self.check_element_is_clickable(locator)\n             ^^^^^^^^^^^^^^^^^^^^^^^^^^^^^^^^^^^^^^^^\n  File \"C:\\Users\\marat\\OneDrive\\Рабочий стол\\Diplom\\Diplom_3\\venv\\Lib\\site-packages\\allure_commons\\_allure.py\", line 192, in impl\n    return func(*a, **kw)\n           ^^^^^^^^^^^^^^\n  File \"C:\\Users\\marat\\OneDrive\\Рабочий стол\\Diplom\\Diplom_3\\pages\\base_page.py\", line 49, in check_element_is_clickable\n    return WebDriverWait(self.driver, timeout=15).until(ec.element_to_be_clickable(locator))\n           ^^^^^^^^^^^^^^^^^^^^^^^^^^^^^^^^^^^^^^^^^^^^^^^^^^^^^^^^^^^^^^^^^^^^^^^^^^^^^^^^^\n  File \"C:\\Users\\marat\\OneDrive\\Рабочий стол\\Diplom\\Diplom_3\\venv\\Lib\\site-packages\\selenium\\webdriver\\support\\wait.py\", line 105, in until\n    raise TimeoutException(message, screen, stacktrace)\n"}, "steps": [{"name": "Проверить кликабельность элемента", "status": "broken", "statusDetails": {"message": "selenium.common.exceptions.TimeoutException: Message: \nStacktrace:\nRemoteError@chrome://remote/content/shared/RemoteError.sys.mjs:8:8\nWebDriverError@chrome://remote/content/shared/webdriver/Errors.sys.mjs:193:5\nNoSuchElementError@chrome://remote/content/shared/webdriver/Errors.sys.mjs:511:5\ndom.find/</<@chrome://remote/content/shared/DOM.sys.mjs:136:16\n\n", "trace": "  File \"C:\\Users\\marat\\OneDrive\\Рабочий стол\\Diplom\\Diplom_3\\venv\\Lib\\site-packages\\allure_commons\\_allure.py\", line 192, in impl\n    return func(*a, **kw)\n           ^^^^^^^^^^^^^^\n  File \"C:\\Users\\marat\\OneDrive\\Рабочий стол\\Diplom\\Diplom_3\\pages\\base_page.py\", line 49, in check_element_is_clickable\n    return WebDriverWait(self.driver, timeout=15).until(ec.element_to_be_clickable(locator))\n           ^^^^^^^^^^^^^^^^^^^^^^^^^^^^^^^^^^^^^^^^^^^^^^^^^^^^^^^^^^^^^^^^^^^^^^^^^^^^^^^^^\n  File \"C:\\Users\\marat\\OneDrive\\Рабочий стол\\Diplom\\Diplom_3\\venv\\Lib\\site-packages\\selenium\\webdriver\\support\\wait.py\", line 105, in until\n    raise TimeoutException(message, screen, stacktrace)\n"}, "parameters": [{"name": "locator", "value": "('xpath', '//button[text()=\"Оформить заказ\"]')"}], "start": 1730660169858, "stop": 1730660184968}], "parameters": [{"name": "locator", "value": "('xpath', '//button[text()=\"Оформить заказ\"]')"}], "start": 1730660169858, "stop": 1730660184969}], "start": 1730660169858, "stop": 1730660184969}], "parameters": [{"name": "driver", "value": "'firefox'"}], "start": 1730660163950, "stop": 1730660184970, "uuid": "5b2e6607-83a6-4048-b4be-1e6e8a6ba4c5", "historyId": "b9641558b854ca15e78a2851ab339710", "testCaseId": "1a6aa94b135b464a3c7527f211bb4bdb", "fullName": "tests.test_main_page.TestMainPage#test_making_order_by_authenticated_user_success", "labels": [{"name": "parentSuite", "value": "tests"}, {"name": "suite", "value": "test_main_page"}, {"name": "subSuite", "value": "TestMainPage"}, {"name": "host", "value": "DESKTOP-4QJCJVN"}, {"name": "thread", "value": "10096-MainThread"}, {"name": "framework", "value": "pytest"}, {"name": "language", "value": "cpython3"}, {"name": "package", "value": "tests.test_main_page"}]}