{"name": "Проверка увеличения числа на счетчике ежедневного количества выполненных заказов", "status": "broken", "statusDetails": {"message": "selenium.common.exceptions.TimeoutException: Message: \nStacktrace:\n\tGetHandleVerifier [0x00D038B3+24035]\n\t(No symbol) [0x00C8BC44]\n\t(No symbol) [0x00B6C2D3]\n\t(No symbol) [0x00BADC86]\n\t(No symbol) [0x00BADECB]\n\t(No symbol) [0x00BEB9D2]\n\t(No symbol) [0x00BCFED4]\n\t(No symbol) [0x00BE953F]\n\t(No symbol) [0x00BCFC26]\n\t(No symbol) [0x00BA218C]\n\t(No symbol) [0x00BA310D]\n\tGetHandleVerifier [0x00FA96D3+2800643]\n\tGetHandleVerifier [0x0100428E+3172286]\n\tGetHandleVerifier [0x00FFCEA2+3142610]\n\tGetHandleVerifier [0x00DA6C60+692624]\n\t(No symbol) [0x00C94C5D]\n\t(No symbol) [0x00C91968]\n\t(No symbol) [0x00C91B00]\n\t(No symbol) [0x00C83FB0]\n\tBaseThreadInitThunk [0x7678FCC9+25]\n\tRtlGetAppContainerNamedObjectPath [0x7781809E+286]\n\tRtlGetAppContainerNamedObjectPath [0x7781806E+238]", "trace": "self = <test_order_list.TestFeedPage object at 0x000002159CA7A450>, driver = <selenium.webdriver.chrome.webdriver.WebDriver (session=\"cb2da561c8296ffed167b432feaefa75\")>, set_user_tokens = None\n\n    @allure.title('Проверка увеличения числа на счетчике ежедневного количества выполненных заказов')\n    def test_changes_counter_for_daily_quantity_of_orders_success(self, driver, set_user_tokens):\n        main_page = MainPage(driver)\n        feed_page = FeedPage(driver)\n        main_page.click_header_feed_button()\n        orders_count_1 = feed_page.get_daily_quantity_of_orders()\n        main_page.click_on_button_constructor()\n        main_page.click_on_button_login_in_main()\n        main_page.drag_and_drop_ingredient_to_order()\n        main_page.click_on_button_make_order()\n        main_page.click_on_button_close_confirmation_modal()\n        main_page.click_header_feed_button()\n>       orders_count_2 = feed_page.get_daily_quantity_of_orders()\n\ntests\\test_order_list.py:59: \n_ _ _ _ _ _ _ _ _ _ _ _ _ _ _ _ _ _ _ _ _ _ _ _ _ _ _ _ _ _ _ _ _ _ _ _ _ _ _ _ _ _ _ _ _ _ _ _ _ _ _ _ _ _ _ _ _ _ _ _ _ _ _ _ _ _ _ _ _ _ _ _ _ _ _ _ _ _ _ _ _ _ _ _ _ _ _ _ _ _ _ _ _ _ _ _ _ _ _ _ _\npages\\order_list_page.py:27: in get_daily_quantity_of_orders\n    self.find_element_with_wait(OrderListLocators.COUNTER_OF_ORDERS_TODAY)\npages\\base_page.py:17: in find_element_with_wait\n    self.wait_visibility_of_element(locator)\npages\\base_page.py:13: in wait_visibility_of_element\n    WebDriverWait(self.driver, timeout=20).until(ec.visibility_of_element_located(locator))\n_ _ _ _ _ _ _ _ _ _ _ _ _ _ _ _ _ _ _ _ _ _ _ _ _ _ _ _ _ _ _ _ _ _ _ _ _ _ _ _ _ _ _ _ _ _ _ _ _ _ _ _ _ _ _ _ _ _ _ _ _ _ _ _ _ _ _ _ _ _ _ _ _ _ _ _ _ _ _ _ _ _ _ _ _ _ _ _ _ _ _ _ _ _ _ _ _ _ _ _ _\n\nself = <selenium.webdriver.support.wait.WebDriverWait (session=\"cb2da561c8296ffed167b432feaefa75\")>, method = <function visibility_of_element_located.<locals>._predicate at 0x000002159D4FE160>\nmessage = ''\n\n    def until(self, method: Callable[[D], Union[Literal[False], T]], message: str = \"\") -> T:\n        \"\"\"Calls the method provided with the driver as an argument until the \\\n        return value does not evaluate to ``False``.\n    \n        :param method: callable(WebDriver)\n        :param message: optional message for :exc:`TimeoutException`\n        :returns: the result of the last call to `method`\n        :raises: :exc:`selenium.common.exceptions.TimeoutException` if timeout occurs\n        \"\"\"\n        screen = None\n        stacktrace = None\n    \n        end_time = time.monotonic() + self._timeout\n        while True:\n            try:\n                value = method(self._driver)\n                if value:\n                    return value\n            except self._ignored_exceptions as exc:\n                screen = getattr(exc, \"screen\", None)\n                stacktrace = getattr(exc, \"stacktrace\", None)\n            if time.monotonic() > end_time:\n                break\n            time.sleep(self._poll)\n>       raise TimeoutException(message, screen, stacktrace)\nE       selenium.common.exceptions.TimeoutException: Message: \nE       Stacktrace:\nE       \tGetHandleVerifier [0x00D038B3+24035]\nE       \t(No symbol) [0x00C8BC44]\nE       \t(No symbol) [0x00B6C2D3]\nE       \t(No symbol) [0x00BADC86]\nE       \t(No symbol) [0x00BADECB]\nE       \t(No symbol) [0x00BEB9D2]\nE       \t(No symbol) [0x00BCFED4]\nE       \t(No symbol) [0x00BE953F]\nE       \t(No symbol) [0x00BCFC26]\nE       \t(No symbol) [0x00BA218C]\nE       \t(No symbol) [0x00BA310D]\nE       \tGetHandleVerifier [0x00FA96D3+2800643]\nE       \tGetHandleVerifier [0x0100428E+3172286]\nE       \tGetHandleVerifier [0x00FFCEA2+3142610]\nE       \tGetHandleVerifier [0x00DA6C60+692624]\nE       \t(No symbol) [0x00C94C5D]\nE       \t(No symbol) [0x00C91968]\nE       \t(No symbol) [0x00C91B00]\nE       \t(No symbol) [0x00C83FB0]\nE       \tBaseThreadInitThunk [0x7678FCC9+25]\nE       \tRtlGetAppContainerNamedObjectPath [0x7781809E+286]\nE       \tRtlGetAppContainerNamedObjectPath [0x7781806E+238]\n\nvenv\\Lib\\site-packages\\selenium\\webdriver\\support\\wait.py:105: TimeoutException"}, "steps": [{"name": "Кликнуть по кнопке \"Лента заказов\"", "status": "passed", "steps": [{"name": "Подождать прогрузки элемента", "status": "passed", "parameters": [{"name": "locator", "value": "('xpath', '//p[text()=\"Лента Заказов\"]/parent::a/parent::li')"}], "start": 1730668145371, "stop": 1730668145391}, {"name": "Кликнуть на элемент", "status": "passed", "steps": [{"name": "Проверить кликабельность элемента", "status": "passed", "parameters": [{"name": "locator", "value": "('xpath', '//p[text()=\"Лента Заказов\"]/parent::a/parent::li')"}], "start": 1730668145391, "stop": 1730668145414}], "parameters": [{"name": "locator", "value": "('xpath', '//p[text()=\"Лента Заказов\"]/parent::a/parent::li')"}], "start": 1730668145391, "stop": 1730668145691}], "start": 1730668145371, "stop": 1730668145691}, {"name": "Получить количество заказов, выполненных за сегодня", "status": "passed", "steps": [{"name": "Найти элемент на странице", "status": "passed", "steps": [{"name": "Подождать прогрузки элемента", "status": "passed", "parameters": [{"name": "locator", "value": "('xpath', '//p[text()=\"Выполнено за сегодня:\"]/following-sibling::p')"}], "start": 1730668145692, "stop": 1730668146738}], "parameters": [{"name": "locator", "value": "('xpath', '//p[text()=\"Выполнено за сегодня:\"]/following-sibling::p')"}], "start": 1730668145691, "stop": 1730668146744}, {"name": "Получить текст на элементе", "status": "passed", "steps": [{"name": "Подождать прогрузки элемента", "status": "passed", "parameters": [{"name": "locator", "value": "('xpath', '//p[text()=\"Выполнено за сегодня:\"]/following-sibling::p')"}], "start": 1730668146745, "stop": 1730668146756}], "parameters": [{"name": "locator", "value": "('xpath', '//p[text()=\"Выполнено за сегодня:\"]/following-sibling::p')"}], "start": 1730668146745, "stop": 1730668146775}], "start": 1730668145691, "stop": 1730668146775}, {"name": "Переход на страницу конструктора", "status": "passed", "steps": [{"name": "Подождать прогрузки элемента", "status": "passed", "parameters": [{"name": "locator", "value": "('xpath', '//p[text() = \"Конструктор\"]')"}], "start": 1730668146775, "stop": 1730668146790}, {"name": "Кликнуть на элемент", "status": "passed", "steps": [{"name": "Проверить кликабельность элемента", "status": "passed", "parameters": [{"name": "locator", "value": "('xpath', '//p[text() = \"Конструктор\"]')"}], "start": 1730668146790, "stop": 1730668146807}], "parameters": [{"name": "locator", "value": "('xpath', '//p[text() = \"Конструктор\"]')"}], "start": 1730668146790, "stop": 1730668147085}], "start": 1730668146775, "stop": 1730668147085}, {"name": "Кликнуть по кнопке \"Войти в аккаунт\" на главной", "status": "passed", "steps": [{"name": "Кликнуть на элемент", "status": "passed", "steps": [{"name": "Проверить кликабельность элемента", "status": "passed", "parameters": [{"name": "locator", "value": "('xpath', './/button[text() = \"Войти в аккаунт\"]')"}], "start": 1730668147085, "stop": 1730668147113}], "parameters": [{"name": "locator", "value": "('xpath', './/button[text() = \"Войти в аккаунт\"]')"}], "start": 1730668147085, "stop": 1730668147410}], "start": 1730668147085, "stop": 1730668147410}, {"name": "Добавить интгридиенты", "status": "passed", "steps": [{"name": "Найти элемент на странице", "status": "passed", "steps": [{"name": "Подождать прогрузки элемента", "status": "passed", "parameters": [{"name": "locator", "value": "('xpath', './/*[@alt=\"Флюоресцентная булка R2-D3\"]')"}], "start": 1730668147410, "stop": 1730668147935}], "parameters": [{"name": "locator", "value": "('xpath', './/*[@alt=\"Флюоресцентная булка R2-D3\"]')"}], "start": 1730668147410, "stop": 1730668147942}, {"name": "Найти элемент на странице", "status": "passed", "steps": [{"name": "Подождать прогрузки элемента", "status": "passed", "parameters": [{"name": "locator", "value": "('xpath', '//section[contains(@class, \"BurgerConstructor_basket\")]')"}], "start": 1730668147942, "stop": 1730668147957}], "parameters": [{"name": "locator", "value": "('xpath', '//section[contains(@class, \"BurgerConstructor_basket\")]')"}], "start": 1730668147942, "stop": 1730668147963}, {"name": "Перетащить элемент", "status": "passed", "parameters": [{"name": "source_element", "value": "<selenium.webdriver.remote.webelement.WebElement (session=\"cb2da561c8296ffed167b432feaefa75\", element=\"f.2F31B08022D3CD0CF4065270CC1402FC.d.7A4F85961E40976721C544FBB445B71A.e.110\")>"}, {"name": "target_element", "value": "<selenium.webdriver.remote.webelement.WebElement (session=\"cb2da561c8296ffed167b432feaefa75\", element=\"f.2F31B08022D3CD0CF4065270CC1402FC.d.7A4F85961E40976721C544FBB445B71A.e.109\")>"}], "start": 1730668147963, "stop": 1730668153511}], "start": 1730668147410, "stop": 1730668153511}, {"name": "Кликнуть на кнопку создания заказа", "status": "passed", "steps": [{"name": "Кликнуть на элемент", "status": "passed", "steps": [{"name": "Проверить кликабельность элемента", "status": "passed", "parameters": [{"name": "locator", "value": "('xpath', '//button[text()=\"Оформить заказ\"]')"}], "start": 1730668153511, "stop": 1730668153532}], "parameters": [{"name": "locator", "value": "('xpath', '//button[text()=\"Оформить заказ\"]')"}], "start": 1730668153511, "stop": 1730668153809}], "start": 1730668153511, "stop": 1730668153809}, {"name": "Кликнуть на кнопку закрытия окна о создании заказа", "status": "passed", "steps": [{"name": "Проверить кликабельность элемента", "status": "passed", "parameters": [{"name": "locator", "value": "('xpath', '//section[contains(@class, \"Modal_modal_opened\")]//button[contains(@class, \"close\")]')"}], "start": 1730668153810, "stop": 1730668154346}, {"name": "Кликнуть на элемент", "status": "passed", "steps": [{"name": "Проверить кликабельность элемента", "status": "passed", "parameters": [{"name": "locator", "value": "('xpath', '//section[contains(@class, \"Modal_modal_opened\")]//button[contains(@class, \"close\")]')"}], "start": 1730668154346, "stop": 1730668154363}], "parameters": [{"name": "locator", "value": "('xpath', '//section[contains(@class, \"Modal_modal_opened\")]//button[contains(@class, \"close\")]')"}], "start": 1730668154346, "stop": 1730668154627}], "start": 1730668153810, "stop": 1730668154627}, {"name": "Кликнуть по кнопке \"Лента заказов\"", "status": "passed", "steps": [{"name": "Подождать прогрузки элемента", "status": "passed", "parameters": [{"name": "locator", "value": "('xpath', '//p[text()=\"Лента Заказов\"]/parent::a/parent::li')"}], "start": 1730668154628, "stop": 1730668154641}, {"name": "Кликнуть на элемент", "status": "passed", "steps": [{"name": "Проверить кликабельность элемента", "status": "passed", "parameters": [{"name": "locator", "value": "('xpath', '//p[text()=\"Лента Заказов\"]/parent::a/parent::li')"}], "start": 1730668154641, "stop": 1730668154663}], "parameters": [{"name": "locator", "value": "('xpath', '//p[text()=\"Лента Заказов\"]/parent::a/parent::li')"}], "start": 1730668154641, "stop": 1730668154940}], "start": 1730668154627, "stop": 1730668154940}, {"name": "Получить количество заказов, выполненных за сегодня", "status": "broken", "statusDetails": {"message": "selenium.common.exceptions.TimeoutException: Message: \nStacktrace:\n\tGetHandleVerifier [0x00D038B3+24035]\n\t(No symbol) [0x00C8BC44]\n\t(No symbol) [0x00B6C2D3]\n\t(No symbol) [0x00BADC86]\n\t(No symbol) [0x00BADECB]\n\t(No symbol) [0x00BEB9D2]\n\t(No symbol) [0x00BCFED4]\n\t(No symbol) [0x00BE953F]\n\t(No symbol) [0x00BCFC26]\n\t(No symbol) [0x00BA218C]\n\t(No symbol) [0x00BA310D]\n\tGetHandleVerifier [0x00FA96D3+2800643]\n\tGetHandleVerifier [0x0100428E+3172286]\n\tGetHandleVerifier [0x00FFCEA2+3142610]\n\tGetHandleVerifier [0x00DA6C60+692624]\n\t(No symbol) [0x00C94C5D]\n\t(No symbol) [0x00C91968]\n\t(No symbol) [0x00C91B00]\n\t(No symbol) [0x00C83FB0]\n\tBaseThreadInitThunk [0x7678FCC9+25]\n\tRtlGetAppContainerNamedObjectPath [0x7781809E+286]\n\tRtlGetAppContainerNamedObjectPath [0x7781806E+238]\n\n", "trace": "  File \"C:\\Users\\marat\\OneDrive\\Рабочий стол\\Diplom\\Diplom_3\\venv\\Lib\\site-packages\\allure_commons\\_allure.py\", line 192, in impl\n    return func(*a, **kw)\n           ^^^^^^^^^^^^^^\n  File \"C:\\Users\\marat\\OneDrive\\Рабочий стол\\Diplom\\Diplom_3\\pages\\order_list_page.py\", line 27, in get_daily_quantity_of_orders\n    self.find_element_with_wait(OrderListLocators.COUNTER_OF_ORDERS_TODAY)\n  File \"C:\\Users\\marat\\OneDrive\\Рабочий стол\\Diplom\\Diplom_3\\venv\\Lib\\site-packages\\allure_commons\\_allure.py\", line 192, in impl\n    return func(*a, **kw)\n           ^^^^^^^^^^^^^^\n  File \"C:\\Users\\marat\\OneDrive\\Рабочий стол\\Diplom\\Diplom_3\\pages\\base_page.py\", line 17, in find_element_with_wait\n    self.wait_visibility_of_element(locator)\n  File \"C:\\Users\\marat\\OneDrive\\Рабочий стол\\Diplom\\Diplom_3\\venv\\Lib\\site-packages\\allure_commons\\_allure.py\", line 192, in impl\n    return func(*a, **kw)\n           ^^^^^^^^^^^^^^\n  File \"C:\\Users\\marat\\OneDrive\\Рабочий стол\\Diplom\\Diplom_3\\pages\\base_page.py\", line 13, in wait_visibility_of_element\n    WebDriverWait(self.driver, timeout=20).until(ec.visibility_of_element_located(locator))\n  File \"C:\\Users\\marat\\OneDrive\\Рабочий стол\\Diplom\\Diplom_3\\venv\\Lib\\site-packages\\selenium\\webdriver\\support\\wait.py\", line 105, in until\n    raise TimeoutException(message, screen, stacktrace)\n"}, "steps": [{"name": "Найти элемент на странице", "status": "broken", "statusDetails": {"message": "selenium.common.exceptions.TimeoutException: Message: \nStacktrace:\n\tGetHandleVerifier [0x00D038B3+24035]\n\t(No symbol) [0x00C8BC44]\n\t(No symbol) [0x00B6C2D3]\n\t(No symbol) [0x00BADC86]\n\t(No symbol) [0x00BADECB]\n\t(No symbol) [0x00BEB9D2]\n\t(No symbol) [0x00BCFED4]\n\t(No symbol) [0x00BE953F]\n\t(No symbol) [0x00BCFC26]\n\t(No symbol) [0x00BA218C]\n\t(No symbol) [0x00BA310D]\n\tGetHandleVerifier [0x00FA96D3+2800643]\n\tGetHandleVerifier [0x0100428E+3172286]\n\tGetHandleVerifier [0x00FFCEA2+3142610]\n\tGetHandleVerifier [0x00DA6C60+692624]\n\t(No symbol) [0x00C94C5D]\n\t(No symbol) [0x00C91968]\n\t(No symbol) [0x00C91B00]\n\t(No symbol) [0x00C83FB0]\n\tBaseThreadInitThunk [0x7678FCC9+25]\n\tRtlGetAppContainerNamedObjectPath [0x7781809E+286]\n\tRtlGetAppContainerNamedObjectPath [0x7781806E+238]\n\n", "trace": "  File \"C:\\Users\\marat\\OneDrive\\Рабочий стол\\Diplom\\Diplom_3\\venv\\Lib\\site-packages\\allure_commons\\_allure.py\", line 192, in impl\n    return func(*a, **kw)\n           ^^^^^^^^^^^^^^\n  File \"C:\\Users\\marat\\OneDrive\\Рабочий стол\\Diplom\\Diplom_3\\pages\\base_page.py\", line 17, in find_element_with_wait\n    self.wait_visibility_of_element(locator)\n  File \"C:\\Users\\marat\\OneDrive\\Рабочий стол\\Diplom\\Diplom_3\\venv\\Lib\\site-packages\\allure_commons\\_allure.py\", line 192, in impl\n    return func(*a, **kw)\n           ^^^^^^^^^^^^^^\n  File \"C:\\Users\\marat\\OneDrive\\Рабочий стол\\Diplom\\Diplom_3\\pages\\base_page.py\", line 13, in wait_visibility_of_element\n    WebDriverWait(self.driver, timeout=20).until(ec.visibility_of_element_located(locator))\n  File \"C:\\Users\\marat\\OneDrive\\Рабочий стол\\Diplom\\Diplom_3\\venv\\Lib\\site-packages\\selenium\\webdriver\\support\\wait.py\", line 105, in until\n    raise TimeoutException(message, screen, stacktrace)\n"}, "steps": [{"name": "Подождать прогрузки элемента", "status": "broken", "statusDetails": {"message": "selenium.common.exceptions.TimeoutException: Message: \nStacktrace:\n\tGetHandleVerifier [0x00D038B3+24035]\n\t(No symbol) [0x00C8BC44]\n\t(No symbol) [0x00B6C2D3]\n\t(No symbol) [0x00BADC86]\n\t(No symbol) [0x00BADECB]\n\t(No symbol) [0x00BEB9D2]\n\t(No symbol) [0x00BCFED4]\n\t(No symbol) [0x00BE953F]\n\t(No symbol) [0x00BCFC26]\n\t(No symbol) [0x00BA218C]\n\t(No symbol) [0x00BA310D]\n\tGetHandleVerifier [0x00FA96D3+2800643]\n\tGetHandleVerifier [0x0100428E+3172286]\n\tGetHandleVerifier [0x00FFCEA2+3142610]\n\tGetHandleVerifier [0x00DA6C60+692624]\n\t(No symbol) [0x00C94C5D]\n\t(No symbol) [0x00C91968]\n\t(No symbol) [0x00C91B00]\n\t(No symbol) [0x00C83FB0]\n\tBaseThreadInitThunk [0x7678FCC9+25]\n\tRtlGetAppContainerNamedObjectPath [0x7781809E+286]\n\tRtlGetAppContainerNamedObjectPath [0x7781806E+238]\n\n", "trace": "  File \"C:\\Users\\marat\\OneDrive\\Рабочий стол\\Diplom\\Diplom_3\\venv\\Lib\\site-packages\\allure_commons\\_allure.py\", line 192, in impl\n    return func(*a, **kw)\n           ^^^^^^^^^^^^^^\n  File \"C:\\Users\\marat\\OneDrive\\Рабочий стол\\Diplom\\Diplom_3\\pages\\base_page.py\", line 13, in wait_visibility_of_element\n    WebDriverWait(self.driver, timeout=20).until(ec.visibility_of_element_located(locator))\n  File \"C:\\Users\\marat\\OneDrive\\Рабочий стол\\Diplom\\Diplom_3\\venv\\Lib\\site-packages\\selenium\\webdriver\\support\\wait.py\", line 105, in until\n    raise TimeoutException(message, screen, stacktrace)\n"}, "parameters": [{"name": "locator", "value": "('xpath', '//p[text()=\"Выполнено за сегодня:\"]/following-sibling::p')"}], "start": 1730668154940, "stop": 1730668175265}], "parameters": [{"name": "locator", "value": "('xpath', '//p[text()=\"Выполнено за сегодня:\"]/following-sibling::p')"}], "start": 1730668154940, "stop": 1730668175265}], "start": 1730668154940, "stop": 1730668175266}], "parameters": [{"name": "driver", "value": "'chrome'"}], "start": 1730668145371, "stop": 1730668175267, "uuid": "bf797f4e-650c-4a34-a11e-df59587bdc15", "historyId": "ad2673bf2e2de4842591fbcb4e5d82ae", "testCaseId": "12350476b4caa7a553b2d320ffc6a089", "fullName": "tests.test_order_list.TestFeedPage#test_changes_counter_for_daily_quantity_of_orders_success", "labels": [{"name": "parentSuite", "value": "tests"}, {"name": "suite", "value": "test_order_list"}, {"name": "subSuite", "value": "TestFeedPage"}, {"name": "host", "value": "DESKTOP-4QJCJVN"}, {"name": "thread", "value": "7024-MainThread"}, {"name": "framework", "value": "pytest"}, {"name": "language", "value": "cpython3"}, {"name": "package", "value": "tests.test_order_list"}]}