{"name": "Проверка увеличения числа на счетчике ежедневного количества выполненных заказов", "status": "broken", "statusDetails": {"message": "selenium.common.exceptions.TimeoutException: Message: \nStacktrace:\n\tGetHandleVerifier [0x00B738B3+24035]\n\t(No symbol) [0x00AFBC44]\n\t(No symbol) [0x009DC2D3]\n\t(No symbol) [0x00A1DC86]\n\t(No symbol) [0x00A1DECB]\n\t(No symbol) [0x00A5B9D2]\n\t(No symbol) [0x00A3FED4]\n\t(No symbol) [0x00A5953F]\n\t(No symbol) [0x00A3FC26]\n\t(No symbol) [0x00A1218C]\n\t(No symbol) [0x00A1310D]\n\tGetHandleVerifier [0x00E196D3+2800643]\n\tGetHandleVerifier [0x00E7428E+3172286]\n\tGetHandleVerifier [0x00E6CEA2+3142610]\n\tGetHandleVerifier [0x00C16C60+692624]\n\t(No symbol) [0x00B04C5D]\n\t(No symbol) [0x00B01968]\n\t(No symbol) [0x00B01B00]\n\t(No symbol) [0x00AF3FB0]\n\tBaseThreadInitThunk [0x7678FCC9+25]\n\tRtlGetAppContainerNamedObjectPath [0x7781809E+286]\n\tRtlGetAppContainerNamedObjectPath [0x7781806E+238]", "trace": "self = <test_order_list.TestFeedPage object at 0x00000297AED59E90>, driver = <selenium.webdriver.chrome.webdriver.WebDriver (session=\"2df4de92e7651f430b3645358f37511d\")>, set_user_tokens = None\n\n    @allure.title('Проверка увеличения числа на счетчике ежедневного количества выполненных заказов')\n    def test_changes_counter_for_daily_quantity_of_orders_success(self, driver, set_user_tokens):\n        main_page = MainPage(driver)\n        feed_page = FeedPage(driver)\n        main_page.click_header_feed_button()\n>       orders_count_1 = feed_page.get_daily_quantity_of_orders()\n\ntests\\test_order_list.py:52: \n_ _ _ _ _ _ _ _ _ _ _ _ _ _ _ _ _ _ _ _ _ _ _ _ _ _ _ _ _ _ _ _ _ _ _ _ _ _ _ _ _ _ _ _ _ _ _ _ _ _ _ _ _ _ _ _ _ _ _ _ _ _ _ _ _ _ _ _ _ _ _ _ _ _ _ _ _ _ _ _ _ _ _ _ _ _ _ _ _ _ _ _ _ _ _ _ _ _ _ _ _\npages\\order_list_page.py:27: in get_daily_quantity_of_orders\n    self.find_element_with_wait(OrderListLocators.COUNTER_OF_ORDERS_TODAY)\npages\\base_page.py:17: in find_element_with_wait\n    self.wait_visibility_of_element(locator)\npages\\base_page.py:13: in wait_visibility_of_element\n    WebDriverWait(self.driver, timeout=15).until(ec.visibility_of_element_located(locator))\n_ _ _ _ _ _ _ _ _ _ _ _ _ _ _ _ _ _ _ _ _ _ _ _ _ _ _ _ _ _ _ _ _ _ _ _ _ _ _ _ _ _ _ _ _ _ _ _ _ _ _ _ _ _ _ _ _ _ _ _ _ _ _ _ _ _ _ _ _ _ _ _ _ _ _ _ _ _ _ _ _ _ _ _ _ _ _ _ _ _ _ _ _ _ _ _ _ _ _ _ _\n\nself = <selenium.webdriver.support.wait.WebDriverWait (session=\"2df4de92e7651f430b3645358f37511d\")>, method = <function visibility_of_element_located.<locals>._predicate at 0x00000297AEDEC400>\nmessage = ''\n\n    def until(self, method: Callable[[D], Union[Literal[False], T]], message: str = \"\") -> T:\n        \"\"\"Calls the method provided with the driver as an argument until the \\\n        return value does not evaluate to ``False``.\n    \n        :param method: callable(WebDriver)\n        :param message: optional message for :exc:`TimeoutException`\n        :returns: the result of the last call to `method`\n        :raises: :exc:`selenium.common.exceptions.TimeoutException` if timeout occurs\n        \"\"\"\n        screen = None\n        stacktrace = None\n    \n        end_time = time.monotonic() + self._timeout\n        while True:\n            try:\n                value = method(self._driver)\n                if value:\n                    return value\n            except self._ignored_exceptions as exc:\n                screen = getattr(exc, \"screen\", None)\n                stacktrace = getattr(exc, \"stacktrace\", None)\n            if time.monotonic() > end_time:\n                break\n            time.sleep(self._poll)\n>       raise TimeoutException(message, screen, stacktrace)\nE       selenium.common.exceptions.TimeoutException: Message: \nE       Stacktrace:\nE       \tGetHandleVerifier [0x00B738B3+24035]\nE       \t(No symbol) [0x00AFBC44]\nE       \t(No symbol) [0x009DC2D3]\nE       \t(No symbol) [0x00A1DC86]\nE       \t(No symbol) [0x00A1DECB]\nE       \t(No symbol) [0x00A5B9D2]\nE       \t(No symbol) [0x00A3FED4]\nE       \t(No symbol) [0x00A5953F]\nE       \t(No symbol) [0x00A3FC26]\nE       \t(No symbol) [0x00A1218C]\nE       \t(No symbol) [0x00A1310D]\nE       \tGetHandleVerifier [0x00E196D3+2800643]\nE       \tGetHandleVerifier [0x00E7428E+3172286]\nE       \tGetHandleVerifier [0x00E6CEA2+3142610]\nE       \tGetHandleVerifier [0x00C16C60+692624]\nE       \t(No symbol) [0x00B04C5D]\nE       \t(No symbol) [0x00B01968]\nE       \t(No symbol) [0x00B01B00]\nE       \t(No symbol) [0x00AF3FB0]\nE       \tBaseThreadInitThunk [0x7678FCC9+25]\nE       \tRtlGetAppContainerNamedObjectPath [0x7781809E+286]\nE       \tRtlGetAppContainerNamedObjectPath [0x7781806E+238]\n\nvenv\\Lib\\site-packages\\selenium\\webdriver\\support\\wait.py:105: TimeoutException"}, "steps": [{"name": "Кликнуть по кнопке \"Лента заказов\"", "status": "passed", "steps": [{"name": "Подождать прогрузки элемента", "status": "passed", "parameters": [{"name": "locator", "value": "('xpath', '//p[text()=\"Лента Заказов\"]/parent::a/parent::li')"}], "start": 1730660408197, "stop": 1730660408216}, {"name": "Кликнуть на элемент", "status": "passed", "steps": [{"name": "Проверить кликабельность элемента", "status": "passed", "parameters": [{"name": "locator", "value": "('xpath', '//p[text()=\"Лента Заказов\"]/parent::a/parent::li')"}], "start": 1730660408216, "stop": 1730660408238}], "parameters": [{"name": "locator", "value": "('xpath', '//p[text()=\"Лента Заказов\"]/parent::a/parent::li')"}], "start": 1730660408216, "stop": 1730660408512}], "start": 1730660408197, "stop": 1730660408512}, {"name": "Получить количество заказов, выполненных за сегодня", "status": "broken", "statusDetails": {"message": "selenium.common.exceptions.TimeoutException: Message: \nStacktrace:\n\tGetHandleVerifier [0x00B738B3+24035]\n\t(No symbol) [0x00AFBC44]\n\t(No symbol) [0x009DC2D3]\n\t(No symbol) [0x00A1DC86]\n\t(No symbol) [0x00A1DECB]\n\t(No symbol) [0x00A5B9D2]\n\t(No symbol) [0x00A3FED4]\n\t(No symbol) [0x00A5953F]\n\t(No symbol) [0x00A3FC26]\n\t(No symbol) [0x00A1218C]\n\t(No symbol) [0x00A1310D]\n\tGetHandleVerifier [0x00E196D3+2800643]\n\tGetHandleVerifier [0x00E7428E+3172286]\n\tGetHandleVerifier [0x00E6CEA2+3142610]\n\tGetHandleVerifier [0x00C16C60+692624]\n\t(No symbol) [0x00B04C5D]\n\t(No symbol) [0x00B01968]\n\t(No symbol) [0x00B01B00]\n\t(No symbol) [0x00AF3FB0]\n\tBaseThreadInitThunk [0x7678FCC9+25]\n\tRtlGetAppContainerNamedObjectPath [0x7781809E+286]\n\tRtlGetAppContainerNamedObjectPath [0x7781806E+238]\n\n", "trace": "  File \"C:\\Users\\marat\\OneDrive\\Рабочий стол\\Diplom\\Diplom_3\\venv\\Lib\\site-packages\\allure_commons\\_allure.py\", line 192, in impl\n    return func(*a, **kw)\n           ^^^^^^^^^^^^^^\n  File \"C:\\Users\\marat\\OneDrive\\Рабочий стол\\Diplom\\Diplom_3\\pages\\order_list_page.py\", line 27, in get_daily_quantity_of_orders\n    self.find_element_with_wait(OrderListLocators.COUNTER_OF_ORDERS_TODAY)\n  File \"C:\\Users\\marat\\OneDrive\\Рабочий стол\\Diplom\\Diplom_3\\venv\\Lib\\site-packages\\allure_commons\\_allure.py\", line 192, in impl\n    return func(*a, **kw)\n           ^^^^^^^^^^^^^^\n  File \"C:\\Users\\marat\\OneDrive\\Рабочий стол\\Diplom\\Diplom_3\\pages\\base_page.py\", line 17, in find_element_with_wait\n    self.wait_visibility_of_element(locator)\n  File \"C:\\Users\\marat\\OneDrive\\Рабочий стол\\Diplom\\Diplom_3\\venv\\Lib\\site-packages\\allure_commons\\_allure.py\", line 192, in impl\n    return func(*a, **kw)\n           ^^^^^^^^^^^^^^\n  File \"C:\\Users\\marat\\OneDrive\\Рабочий стол\\Diplom\\Diplom_3\\pages\\base_page.py\", line 13, in wait_visibility_of_element\n    WebDriverWait(self.driver, timeout=15).until(ec.visibility_of_element_located(locator))\n  File \"C:\\Users\\marat\\OneDrive\\Рабочий стол\\Diplom\\Diplom_3\\venv\\Lib\\site-packages\\selenium\\webdriver\\support\\wait.py\", line 105, in until\n    raise TimeoutException(message, screen, stacktrace)\n"}, "steps": [{"name": "Найти элемент на странице", "status": "broken", "statusDetails": {"message": "selenium.common.exceptions.TimeoutException: Message: \nStacktrace:\n\tGetHandleVerifier [0x00B738B3+24035]\n\t(No symbol) [0x00AFBC44]\n\t(No symbol) [0x009DC2D3]\n\t(No symbol) [0x00A1DC86]\n\t(No symbol) [0x00A1DECB]\n\t(No symbol) [0x00A5B9D2]\n\t(No symbol) [0x00A3FED4]\n\t(No symbol) [0x00A5953F]\n\t(No symbol) [0x00A3FC26]\n\t(No symbol) [0x00A1218C]\n\t(No symbol) [0x00A1310D]\n\tGetHandleVerifier [0x00E196D3+2800643]\n\tGetHandleVerifier [0x00E7428E+3172286]\n\tGetHandleVerifier [0x00E6CEA2+3142610]\n\tGetHandleVerifier [0x00C16C60+692624]\n\t(No symbol) [0x00B04C5D]\n\t(No symbol) [0x00B01968]\n\t(No symbol) [0x00B01B00]\n\t(No symbol) [0x00AF3FB0]\n\tBaseThreadInitThunk [0x7678FCC9+25]\n\tRtlGetAppContainerNamedObjectPath [0x7781809E+286]\n\tRtlGetAppContainerNamedObjectPath [0x7781806E+238]\n\n", "trace": "  File \"C:\\Users\\marat\\OneDrive\\Рабочий стол\\Diplom\\Diplom_3\\venv\\Lib\\site-packages\\allure_commons\\_allure.py\", line 192, in impl\n    return func(*a, **kw)\n           ^^^^^^^^^^^^^^\n  File \"C:\\Users\\marat\\OneDrive\\Рабочий стол\\Diplom\\Diplom_3\\pages\\base_page.py\", line 17, in find_element_with_wait\n    self.wait_visibility_of_element(locator)\n  File \"C:\\Users\\marat\\OneDrive\\Рабочий стол\\Diplom\\Diplom_3\\venv\\Lib\\site-packages\\allure_commons\\_allure.py\", line 192, in impl\n    return func(*a, **kw)\n           ^^^^^^^^^^^^^^\n  File \"C:\\Users\\marat\\OneDrive\\Рабочий стол\\Diplom\\Diplom_3\\pages\\base_page.py\", line 13, in wait_visibility_of_element\n    WebDriverWait(self.driver, timeout=15).until(ec.visibility_of_element_located(locator))\n  File \"C:\\Users\\marat\\OneDrive\\Рабочий стол\\Diplom\\Diplom_3\\venv\\Lib\\site-packages\\selenium\\webdriver\\support\\wait.py\", line 105, in until\n    raise TimeoutException(message, screen, stacktrace)\n"}, "steps": [{"name": "Подождать прогрузки элемента", "status": "broken", "statusDetails": {"message": "selenium.common.exceptions.TimeoutException: Message: \nStacktrace:\n\tGetHandleVerifier [0x00B738B3+24035]\n\t(No symbol) [0x00AFBC44]\n\t(No symbol) [0x009DC2D3]\n\t(No symbol) [0x00A1DC86]\n\t(No symbol) [0x00A1DECB]\n\t(No symbol) [0x00A5B9D2]\n\t(No symbol) [0x00A3FED4]\n\t(No symbol) [0x00A5953F]\n\t(No symbol) [0x00A3FC26]\n\t(No symbol) [0x00A1218C]\n\t(No symbol) [0x00A1310D]\n\tGetHandleVerifier [0x00E196D3+2800643]\n\tGetHandleVerifier [0x00E7428E+3172286]\n\tGetHandleVerifier [0x00E6CEA2+3142610]\n\tGetHandleVerifier [0x00C16C60+692624]\n\t(No symbol) [0x00B04C5D]\n\t(No symbol) [0x00B01968]\n\t(No symbol) [0x00B01B00]\n\t(No symbol) [0x00AF3FB0]\n\tBaseThreadInitThunk [0x7678FCC9+25]\n\tRtlGetAppContainerNamedObjectPath [0x7781809E+286]\n\tRtlGetAppContainerNamedObjectPath [0x7781806E+238]\n\n", "trace": "  File \"C:\\Users\\marat\\OneDrive\\Рабочий стол\\Diplom\\Diplom_3\\venv\\Lib\\site-packages\\allure_commons\\_allure.py\", line 192, in impl\n    return func(*a, **kw)\n           ^^^^^^^^^^^^^^\n  File \"C:\\Users\\marat\\OneDrive\\Рабочий стол\\Diplom\\Diplom_3\\pages\\base_page.py\", line 13, in wait_visibility_of_element\n    WebDriverWait(self.driver, timeout=15).until(ec.visibility_of_element_located(locator))\n  File \"C:\\Users\\marat\\OneDrive\\Рабочий стол\\Diplom\\Diplom_3\\venv\\Lib\\site-packages\\selenium\\webdriver\\support\\wait.py\", line 105, in until\n    raise TimeoutException(message, screen, stacktrace)\n"}, "parameters": [{"name": "locator", "value": "('xpath', '//p[text()=\"Выполнено за сегодня:\"]/following-sibling::p')"}], "start": 1730660408512, "stop": 1730660423760}], "parameters": [{"name": "locator", "value": "('xpath', '//p[text()=\"Выполнено за сегодня:\"]/following-sibling::p')"}], "start": 1730660408512, "stop": 1730660423761}], "start": 1730660408512, "stop": 1730660423761}], "parameters": [{"name": "driver", "value": "'chrome'"}], "start": 1730660408197, "stop": 1730660423762, "uuid": "28e75f25-268d-42bc-bd24-ab1d2fec2506", "historyId": "ad2673bf2e2de4842591fbcb4e5d82ae", "testCaseId": "12350476b4caa7a553b2d320ffc6a089", "fullName": "tests.test_order_list.TestFeedPage#test_changes_counter_for_daily_quantity_of_orders_success", "labels": [{"name": "parentSuite", "value": "tests"}, {"name": "suite", "value": "test_order_list"}, {"name": "subSuite", "value": "TestFeedPage"}, {"name": "host", "value": "DESKTOP-4QJCJVN"}, {"name": "thread", "value": "10096-MainThread"}, {"name": "framework", "value": "pytest"}, {"name": "language", "value": "cpython3"}, {"name": "package", "value": "tests.test_order_list"}]}