{"name": "Проверка появления нового заказа в разделе \"В работе\"", "status": "broken", "statusDetails": {"message": "selenium.common.exceptions.TimeoutException: Message: \nStacktrace:\n\tGetHandleVerifier [0x00D038B3+24035]\n\t(No symbol) [0x00C8BC44]\n\t(No symbol) [0x00B6C2D3]\n\t(No symbol) [0x00BADC86]\n\t(No symbol) [0x00BADECB]\n\t(No symbol) [0x00BEB9D2]\n\t(No symbol) [0x00BCFED4]\n\t(No symbol) [0x00BE953F]\n\t(No symbol) [0x00BCFC26]\n\t(No symbol) [0x00BA218C]\n\t(No symbol) [0x00BA310D]\n\tGetHandleVerifier [0x00FA96D3+2800643]\n\tGetHandleVerifier [0x0100428E+3172286]\n\tGetHandleVerifier [0x00FFCEA2+3142610]\n\tGetHandleVerifier [0x00DA6C60+692624]\n\t(No symbol) [0x00C94C5D]\n\t(No symbol) [0x00C91968]\n\t(No symbol) [0x00C91B00]\n\t(No symbol) [0x00C83FB0]\n\tBaseThreadInitThunk [0x7678FCC9+25]\n\tRtlGetAppContainerNamedObjectPath [0x7781809E+286]\n\tRtlGetAppContainerNamedObjectPath [0x7781806E+238]", "trace": "self = <test_order_list.TestFeedPage object at 0x000002159CA78210>, driver = <selenium.webdriver.chrome.webdriver.WebDriver (session=\"c57397a6b0cb432c7821923d691be573\")>, set_user_tokens = None\n\n    @allure.title('Проверка появления нового заказа в разделе \"В работе\"')\n    def test_displaying_new_order_in_progress_feed_success(self, driver, set_user_tokens):\n        main_page = MainPage(driver)\n        feed_page = FeedPage(driver)\n        main_page.click_on_button_login_in_main()\n        main_page.drag_and_drop_ingredient_to_order()\n        main_page.click_on_button_make_order()\n        new_order_id = main_page.get_number_of_order_in_modal_confirmation()\n        main_page.click_on_button_close_confirmation_modal()\n        main_page.click_header_feed_button()\n>       assert feed_page.get_order_number_in_feed_progress_section() == '0'+new_order_id\n\ntests\\test_order_list.py:72: \n_ _ _ _ _ _ _ _ _ _ _ _ _ _ _ _ _ _ _ _ _ _ _ _ _ _ _ _ _ _ _ _ _ _ _ _ _ _ _ _ _ _ _ _ _ _ _ _ _ _ _ _ _ _ _ _ _ _ _ _ _ _ _ _ _ _ _ _ _ _ _ _ _ _ _ _ _ _ _ _ _ _ _ _ _ _ _ _ _ _ _ _ _ _ _ _ _ _ _ _ _\npages\\order_list_page.py:39: in get_order_number_in_feed_progress_section\n    return self.get_text_on_element(OrderListLocators.ID_OF_ORDER_IN_PROGRESS)\npages\\base_page.py:36: in get_text_on_element\n    self.wait_visibility_of_element(locator)\npages\\base_page.py:13: in wait_visibility_of_element\n    WebDriverWait(self.driver, timeout=20).until(ec.visibility_of_element_located(locator))\n_ _ _ _ _ _ _ _ _ _ _ _ _ _ _ _ _ _ _ _ _ _ _ _ _ _ _ _ _ _ _ _ _ _ _ _ _ _ _ _ _ _ _ _ _ _ _ _ _ _ _ _ _ _ _ _ _ _ _ _ _ _ _ _ _ _ _ _ _ _ _ _ _ _ _ _ _ _ _ _ _ _ _ _ _ _ _ _ _ _ _ _ _ _ _ _ _ _ _ _ _\n\nself = <selenium.webdriver.support.wait.WebDriverWait (session=\"c57397a6b0cb432c7821923d691be573\")>, method = <function visibility_of_element_located.<locals>._predicate at 0x000002159D4FCE00>\nmessage = ''\n\n    def until(self, method: Callable[[D], Union[Literal[False], T]], message: str = \"\") -> T:\n        \"\"\"Calls the method provided with the driver as an argument until the \\\n        return value does not evaluate to ``False``.\n    \n        :param method: callable(WebDriver)\n        :param message: optional message for :exc:`TimeoutException`\n        :returns: the result of the last call to `method`\n        :raises: :exc:`selenium.common.exceptions.TimeoutException` if timeout occurs\n        \"\"\"\n        screen = None\n        stacktrace = None\n    \n        end_time = time.monotonic() + self._timeout\n        while True:\n            try:\n                value = method(self._driver)\n                if value:\n                    return value\n            except self._ignored_exceptions as exc:\n                screen = getattr(exc, \"screen\", None)\n                stacktrace = getattr(exc, \"stacktrace\", None)\n            if time.monotonic() > end_time:\n                break\n            time.sleep(self._poll)\n>       raise TimeoutException(message, screen, stacktrace)\nE       selenium.common.exceptions.TimeoutException: Message: \nE       Stacktrace:\nE       \tGetHandleVerifier [0x00D038B3+24035]\nE       \t(No symbol) [0x00C8BC44]\nE       \t(No symbol) [0x00B6C2D3]\nE       \t(No symbol) [0x00BADC86]\nE       \t(No symbol) [0x00BADECB]\nE       \t(No symbol) [0x00BEB9D2]\nE       \t(No symbol) [0x00BCFED4]\nE       \t(No symbol) [0x00BE953F]\nE       \t(No symbol) [0x00BCFC26]\nE       \t(No symbol) [0x00BA218C]\nE       \t(No symbol) [0x00BA310D]\nE       \tGetHandleVerifier [0x00FA96D3+2800643]\nE       \tGetHandleVerifier [0x0100428E+3172286]\nE       \tGetHandleVerifier [0x00FFCEA2+3142610]\nE       \tGetHandleVerifier [0x00DA6C60+692624]\nE       \t(No symbol) [0x00C94C5D]\nE       \t(No symbol) [0x00C91968]\nE       \t(No symbol) [0x00C91B00]\nE       \t(No symbol) [0x00C83FB0]\nE       \tBaseThreadInitThunk [0x7678FCC9+25]\nE       \tRtlGetAppContainerNamedObjectPath [0x7781809E+286]\nE       \tRtlGetAppContainerNamedObjectPath [0x7781806E+238]\n\nvenv\\Lib\\site-packages\\selenium\\webdriver\\support\\wait.py:105: TimeoutException"}, "steps": [{"name": "Кликнуть по кнопке \"Войти в аккаунт\" на главной", "status": "passed", "steps": [{"name": "Кликнуть на элемент", "status": "passed", "steps": [{"name": "Проверить кликабельность элемента", "status": "passed", "parameters": [{"name": "locator", "value": "('xpath', './/button[text() = \"Войти в аккаунт\"]')"}], "start": 1730668230714, "stop": 1730668230741}], "parameters": [{"name": "locator", "value": "('xpath', './/button[text() = \"Войти в аккаунт\"]')"}], "start": 1730668230713, "stop": 1730668231029}], "start": 1730668230713, "stop": 1730668231029}, {"name": "Добавить интгридиенты", "status": "passed", "steps": [{"name": "Найти элемент на странице", "status": "passed", "steps": [{"name": "Подождать прогрузки элемента", "status": "passed", "parameters": [{"name": "locator", "value": "('xpath', './/*[@alt=\"Флюоресцентная булка R2-D3\"]')"}], "start": 1730668231029, "stop": 1730668231557}], "parameters": [{"name": "locator", "value": "('xpath', './/*[@alt=\"Флюоресцентная булка R2-D3\"]')"}], "start": 1730668231029, "stop": 1730668231563}, {"name": "Найти элемент на странице", "status": "passed", "steps": [{"name": "Подождать прогрузки элемента", "status": "passed", "parameters": [{"name": "locator", "value": "('xpath', '//section[contains(@class, \"BurgerConstructor_basket\")]')"}], "start": 1730668231563, "stop": 1730668231578}], "parameters": [{"name": "locator", "value": "('xpath', '//section[contains(@class, \"BurgerConstructor_basket\")]')"}], "start": 1730668231563, "stop": 1730668231586}, {"name": "Перетащить элемент", "status": "passed", "parameters": [{"name": "source_element", "value": "<selenium.webdriver.remote.webelement.WebElement (session=\"c57397a6b0cb432c7821923d691be573\", element=\"f.D53EF6B3D92847CBCD6CB8547547F14B.d.0DEF0839B7F3AD3EB935665EDB3C04D8.e.89\")>"}, {"name": "target_element", "value": "<selenium.webdriver.remote.webelement.WebElement (session=\"c57397a6b0cb432c7821923d691be573\", element=\"f.D53EF6B3D92847CBCD6CB8547547F14B.d.0DEF0839B7F3AD3EB935665EDB3C04D8.e.90\")>"}], "start": 1730668231586, "stop": 1730668237144}], "start": 1730668231029, "stop": 1730668237144}, {"name": "Кликнуть на кнопку создания заказа", "status": "passed", "steps": [{"name": "Кликнуть на элемент", "status": "passed", "steps": [{"name": "Проверить кликабельность элемента", "status": "passed", "parameters": [{"name": "locator", "value": "('xpath', '//button[text()=\"Оформить заказ\"]')"}], "start": 1730668237144, "stop": 1730668237165}], "parameters": [{"name": "locator", "value": "('xpath', '//button[text()=\"Оформить заказ\"]')"}], "start": 1730668237144, "stop": 1730668237432}], "start": 1730668237144, "stop": 1730668237432}, {"name": "Получить номер в окне о создании заказа", "status": "passed", "steps": [{"name": "Подождать смену текста на элементе", "status": "passed", "parameters": [{"name": "locator", "value": "('xpath', '//section[contains(@class, \"Modal_modal_opened\")]//h2')"}, {"name": "value", "value": "'9999'"}], "start": 1730668237432, "stop": 1730668237452}, {"name": "Получить текст на элементе", "status": "passed", "steps": [{"name": "Подождать прогрузки элемента", "status": "passed", "parameters": [{"name": "locator", "value": "('xpath', '//section[contains(@class, \"Modal_modal_opened\")]//h2')"}], "start": 1730668237453, "stop": 1730668237975}], "parameters": [{"name": "locator", "value": "('xpath', '//section[contains(@class, \"Modal_modal_opened\")]//h2')"}], "start": 1730668237453, "stop": 1730668237989}], "start": 1730668237432, "stop": 1730668237989}, {"name": "Кликнуть на кнопку закрытия окна о создании заказа", "status": "passed", "steps": [{"name": "Проверить кликабельность элемента", "status": "passed", "parameters": [{"name": "locator", "value": "('xpath', '//section[contains(@class, \"Modal_modal_opened\")]//button[contains(@class, \"close\")]')"}], "start": 1730668237989, "stop": 1730668238010}, {"name": "Кликнуть на элемент", "status": "passed", "steps": [{"name": "Проверить кликабельность элемента", "status": "passed", "parameters": [{"name": "locator", "value": "('xpath', '//section[contains(@class, \"Modal_modal_opened\")]//button[contains(@class, \"close\")]')"}], "start": 1730668238010, "stop": 1730668238028}], "parameters": [{"name": "locator", "value": "('xpath', '//section[contains(@class, \"Modal_modal_opened\")]//button[contains(@class, \"close\")]')"}], "start": 1730668238010, "stop": 1730668238300}], "start": 1730668237989, "stop": 1730668238300}, {"name": "Кликнуть по кнопке \"Лента заказов\"", "status": "passed", "steps": [{"name": "Подождать прогрузки элемента", "status": "passed", "parameters": [{"name": "locator", "value": "('xpath', '//p[text()=\"Лента Заказов\"]/parent::a/parent::li')"}], "start": 1730668238300, "stop": 1730668238318}, {"name": "Кликнуть на элемент", "status": "passed", "steps": [{"name": "Проверить кликабельность элемента", "status": "passed", "parameters": [{"name": "locator", "value": "('xpath', '//p[text()=\"Лента Заказов\"]/parent::a/parent::li')"}], "start": 1730668238318, "stop": 1730668238339}], "parameters": [{"name": "locator", "value": "('xpath', '//p[text()=\"Лента Заказов\"]/parent::a/parent::li')"}], "start": 1730668238318, "stop": 1730668238609}], "start": 1730668238300, "stop": 1730668238609}, {"name": "Получить номер последнего заказа в разделе \"В работе\"", "status": "broken", "statusDetails": {"message": "selenium.common.exceptions.TimeoutException: Message: \nStacktrace:\n\tGetHandleVerifier [0x00D038B3+24035]\n\t(No symbol) [0x00C8BC44]\n\t(No symbol) [0x00B6C2D3]\n\t(No symbol) [0x00BADC86]\n\t(No symbol) [0x00BADECB]\n\t(No symbol) [0x00BEB9D2]\n\t(No symbol) [0x00BCFED4]\n\t(No symbol) [0x00BE953F]\n\t(No symbol) [0x00BCFC26]\n\t(No symbol) [0x00BA218C]\n\t(No symbol) [0x00BA310D]\n\tGetHandleVerifier [0x00FA96D3+2800643]\n\tGetHandleVerifier [0x0100428E+3172286]\n\tGetHandleVerifier [0x00FFCEA2+3142610]\n\tGetHandleVerifier [0x00DA6C60+692624]\n\t(No symbol) [0x00C94C5D]\n\t(No symbol) [0x00C91968]\n\t(No symbol) [0x00C91B00]\n\t(No symbol) [0x00C83FB0]\n\tBaseThreadInitThunk [0x7678FCC9+25]\n\tRtlGetAppContainerNamedObjectPath [0x7781809E+286]\n\tRtlGetAppContainerNamedObjectPath [0x7781806E+238]\n\n", "trace": "  File \"C:\\Users\\marat\\OneDrive\\Рабочий стол\\Diplom\\Diplom_3\\venv\\Lib\\site-packages\\allure_commons\\_allure.py\", line 192, in impl\n    return func(*a, **kw)\n           ^^^^^^^^^^^^^^\n  File \"C:\\Users\\marat\\OneDrive\\Рабочий стол\\Diplom\\Diplom_3\\pages\\order_list_page.py\", line 39, in get_order_number_in_feed_progress_section\n    return self.get_text_on_element(OrderListLocators.ID_OF_ORDER_IN_PROGRESS)\n           ^^^^^^^^^^^^^^^^^^^^^^^^^^^^^^^^^^^^^^^^^^^^^^^^^^^^^^^^^^^^^^^^^^^\n  File \"C:\\Users\\marat\\OneDrive\\Рабочий стол\\Diplom\\Diplom_3\\venv\\Lib\\site-packages\\allure_commons\\_allure.py\", line 192, in impl\n    return func(*a, **kw)\n           ^^^^^^^^^^^^^^\n  File \"C:\\Users\\marat\\OneDrive\\Рабочий стол\\Diplom\\Diplom_3\\pages\\base_page.py\", line 36, in get_text_on_element\n    self.wait_visibility_of_element(locator)\n  File \"C:\\Users\\marat\\OneDrive\\Рабочий стол\\Diplom\\Diplom_3\\venv\\Lib\\site-packages\\allure_commons\\_allure.py\", line 192, in impl\n    return func(*a, **kw)\n           ^^^^^^^^^^^^^^\n  File \"C:\\Users\\marat\\OneDrive\\Рабочий стол\\Diplom\\Diplom_3\\pages\\base_page.py\", line 13, in wait_visibility_of_element\n    WebDriverWait(self.driver, timeout=20).until(ec.visibility_of_element_located(locator))\n  File \"C:\\Users\\marat\\OneDrive\\Рабочий стол\\Diplom\\Diplom_3\\venv\\Lib\\site-packages\\selenium\\webdriver\\support\\wait.py\", line 105, in until\n    raise TimeoutException(message, screen, stacktrace)\n"}, "steps": [{"name": "Получить текст на элементе", "status": "broken", "statusDetails": {"message": "selenium.common.exceptions.TimeoutException: Message: \nStacktrace:\n\tGetHandleVerifier [0x00D038B3+24035]\n\t(No symbol) [0x00C8BC44]\n\t(No symbol) [0x00B6C2D3]\n\t(No symbol) [0x00BADC86]\n\t(No symbol) [0x00BADECB]\n\t(No symbol) [0x00BEB9D2]\n\t(No symbol) [0x00BCFED4]\n\t(No symbol) [0x00BE953F]\n\t(No symbol) [0x00BCFC26]\n\t(No symbol) [0x00BA218C]\n\t(No symbol) [0x00BA310D]\n\tGetHandleVerifier [0x00FA96D3+2800643]\n\tGetHandleVerifier [0x0100428E+3172286]\n\tGetHandleVerifier [0x00FFCEA2+3142610]\n\tGetHandleVerifier [0x00DA6C60+692624]\n\t(No symbol) [0x00C94C5D]\n\t(No symbol) [0x00C91968]\n\t(No symbol) [0x00C91B00]\n\t(No symbol) [0x00C83FB0]\n\tBaseThreadInitThunk [0x7678FCC9+25]\n\tRtlGetAppContainerNamedObjectPath [0x7781809E+286]\n\tRtlGetAppContainerNamedObjectPath [0x7781806E+238]\n\n", "trace": "  File \"C:\\Users\\marat\\OneDrive\\Рабочий стол\\Diplom\\Diplom_3\\venv\\Lib\\site-packages\\allure_commons\\_allure.py\", line 192, in impl\n    return func(*a, **kw)\n           ^^^^^^^^^^^^^^\n  File \"C:\\Users\\marat\\OneDrive\\Рабочий стол\\Diplom\\Diplom_3\\pages\\base_page.py\", line 36, in get_text_on_element\n    self.wait_visibility_of_element(locator)\n  File \"C:\\Users\\marat\\OneDrive\\Рабочий стол\\Diplom\\Diplom_3\\venv\\Lib\\site-packages\\allure_commons\\_allure.py\", line 192, in impl\n    return func(*a, **kw)\n           ^^^^^^^^^^^^^^\n  File \"C:\\Users\\marat\\OneDrive\\Рабочий стол\\Diplom\\Diplom_3\\pages\\base_page.py\", line 13, in wait_visibility_of_element\n    WebDriverWait(self.driver, timeout=20).until(ec.visibility_of_element_located(locator))\n  File \"C:\\Users\\marat\\OneDrive\\Рабочий стол\\Diplom\\Diplom_3\\venv\\Lib\\site-packages\\selenium\\webdriver\\support\\wait.py\", line 105, in until\n    raise TimeoutException(message, screen, stacktrace)\n"}, "steps": [{"name": "Подождать прогрузки элемента", "status": "broken", "statusDetails": {"message": "selenium.common.exceptions.TimeoutException: Message: \nStacktrace:\n\tGetHandleVerifier [0x00D038B3+24035]\n\t(No symbol) [0x00C8BC44]\n\t(No symbol) [0x00B6C2D3]\n\t(No symbol) [0x00BADC86]\n\t(No symbol) [0x00BADECB]\n\t(No symbol) [0x00BEB9D2]\n\t(No symbol) [0x00BCFED4]\n\t(No symbol) [0x00BE953F]\n\t(No symbol) [0x00BCFC26]\n\t(No symbol) [0x00BA218C]\n\t(No symbol) [0x00BA310D]\n\tGetHandleVerifier [0x00FA96D3+2800643]\n\tGetHandleVerifier [0x0100428E+3172286]\n\tGetHandleVerifier [0x00FFCEA2+3142610]\n\tGetHandleVerifier [0x00DA6C60+692624]\n\t(No symbol) [0x00C94C5D]\n\t(No symbol) [0x00C91968]\n\t(No symbol) [0x00C91B00]\n\t(No symbol) [0x00C83FB0]\n\tBaseThreadInitThunk [0x7678FCC9+25]\n\tRtlGetAppContainerNamedObjectPath [0x7781809E+286]\n\tRtlGetAppContainerNamedObjectPath [0x7781806E+238]\n\n", "trace": "  File \"C:\\Users\\marat\\OneDrive\\Рабочий стол\\Diplom\\Diplom_3\\venv\\Lib\\site-packages\\allure_commons\\_allure.py\", line 192, in impl\n    return func(*a, **kw)\n           ^^^^^^^^^^^^^^\n  File \"C:\\Users\\marat\\OneDrive\\Рабочий стол\\Diplom\\Diplom_3\\pages\\base_page.py\", line 13, in wait_visibility_of_element\n    WebDriverWait(self.driver, timeout=20).until(ec.visibility_of_element_located(locator))\n  File \"C:\\Users\\marat\\OneDrive\\Рабочий стол\\Diplom\\Diplom_3\\venv\\Lib\\site-packages\\selenium\\webdriver\\support\\wait.py\", line 105, in until\n    raise TimeoutException(message, screen, stacktrace)\n"}, "parameters": [{"name": "locator", "value": "('xpath', '//ul[contains(@class, \"OrderFeed_orderListReady\")]/li[contains(@class, \"text_type_digits-default\")]')"}], "start": 1730668238609, "stop": 1730668258908}], "parameters": [{"name": "locator", "value": "('xpath', '//ul[contains(@class, \"OrderFeed_orderListReady\")]/li[contains(@class, \"text_type_digits-default\")]')"}], "start": 1730668238609, "stop": 1730668258909}], "start": 1730668238609, "stop": 1730668258911}], "parameters": [{"name": "driver", "value": "'chrome'"}], "start": 1730668230713, "stop": 1730668258911, "uuid": "06a37c83-cf18-4faa-b68c-391e27ad0cd4", "historyId": "cbce564977750e7c3d382c793d3ccd18", "testCaseId": "1b324a13a3a334e4dc21b424b83efa9f", "fullName": "tests.test_order_list.TestFeedPage#test_displaying_new_order_in_progress_feed_success", "labels": [{"name": "parentSuite", "value": "tests"}, {"name": "suite", "value": "test_order_list"}, {"name": "subSuite", "value": "TestFeedPage"}, {"name": "host", "value": "DESKTOP-4QJCJVN"}, {"name": "thread", "value": "7024-MainThread"}, {"name": "framework", "value": "pytest"}, {"name": "language", "value": "cpython3"}, {"name": "package", "value": "tests.test_order_list"}]}